{"D:\\Node\\param-signatures\\jasmine-runner.js":{"path":"D:\\Node\\param-signatures\\jasmine-runner.js","s":{"1":1,"2":1,"3":1,"4":1,"5":1,"6":1,"7":1,"8":1},"b":{},"f":{"1":81},"fnMap":{"1":{"name":"(anonymous_1)","line":4,"loc":{"start":{"line":4,"column":11},"end":{"line":4,"column":22}}}},"statementMap":{"1":{"start":{"line":2,"column":0},"end":{"line":2,"column":33}},"2":{"start":{"line":3,"column":0},"end":{"line":3,"column":52}},"3":{"start":{"line":4,"column":0},"end":{"line":4,"column":25}},"4":{"start":{"line":6,"column":0},"end":{"line":6,"column":28}},"5":{"start":{"line":7,"column":0},"end":{"line":7,"column":48}},"6":{"start":{"line":8,"column":0},"end":{"line":8,"column":49}},"7":{"start":{"line":9,"column":0},"end":{"line":9,"column":25}},"8":{"start":{"line":10,"column":0},"end":{"line":10,"column":18}}},"branchMap":{}},"D:\\Node\\param-signatures\\spec\\basic-testSpec.js":{"path":"D:\\Node\\param-signatures\\spec\\basic-testSpec.js","s":{"1":1,"2":1,"3":1,"4":1,"5":1,"6":1,"7":1,"8":1,"9":1,"10":1,"11":1,"12":1,"13":1,"14":1,"15":1,"16":1,"17":1,"18":1,"19":1,"20":1,"21":1,"22":1,"23":1,"24":1,"25":1,"26":1,"27":1,"28":1,"29":1,"30":1,"31":1,"32":1},"b":{},"f":{"1":1,"2":1,"3":0,"4":0,"5":0,"6":0,"7":0,"8":0,"9":0,"10":0,"11":1,"12":1,"13":0,"14":0,"15":0,"16":0,"17":0,"18":0,"19":0,"20":0,"21":1,"22":1,"23":0,"24":0,"25":0,"26":0,"27":1,"28":1,"29":0,"30":0,"31":0,"32":0,"33":0,"34":0,"35":0,"36":0,"37":1,"38":1,"39":0,"40":0,"41":0,"42":0,"43":1,"44":1,"45":0,"46":0,"47":0,"48":0,"49":1},"fnMap":{"1":{"name":"(anonymous_1)","line":4,"loc":{"start":{"line":4,"column":24},"end":{"line":4,"column":35}}},"2":{"name":"(anonymous_2)","line":5,"loc":{"start":{"line":5,"column":19},"end":{"line":5,"column":30}}},"3":{"name":"(anonymous_3)","line":11,"loc":{"start":{"line":11,"column":17},"end":{"line":11,"column":29}}},"4":{"name":"(anonymous_4)","line":12,"loc":{"start":{"line":12,"column":17},"end":{"line":12,"column":31}}},"5":{"name":"(anonymous_5)","line":13,"loc":{"start":{"line":13,"column":16},"end":{"line":13,"column":42}}},"6":{"name":"(anonymous_6)","line":14,"loc":{"start":{"line":14,"column":18},"end":{"line":14,"column":56}}},"7":{"name":"(anonymous_7)","line":21,"loc":{"start":{"line":21,"column":17},"end":{"line":21,"column":28}}},"8":{"name":"(anonymous_8)","line":22,"loc":{"start":{"line":22,"column":17},"end":{"line":22,"column":31}}},"9":{"name":"(anonymous_9)","line":23,"loc":{"start":{"line":23,"column":16},"end":{"line":23,"column":42}}},"10":{"name":"(anonymous_10)","line":24,"loc":{"start":{"line":24,"column":18},"end":{"line":24,"column":56}}},"11":{"name":"(anonymous_11)","line":34,"loc":{"start":{"line":34,"column":12},"end":{"line":34,"column":23}}},"12":{"name":"(anonymous_12)","line":40,"loc":{"start":{"line":40,"column":28},"end":{"line":40,"column":39}}},"13":{"name":"(anonymous_13)","line":45,"loc":{"start":{"line":45,"column":17},"end":{"line":45,"column":29}}},"14":{"name":"(anonymous_14)","line":46,"loc":{"start":{"line":46,"column":17},"end":{"line":46,"column":31}}},"15":{"name":"(anonymous_15)","line":47,"loc":{"start":{"line":47,"column":16},"end":{"line":47,"column":42}}},"16":{"name":"(anonymous_16)","line":48,"loc":{"start":{"line":48,"column":18},"end":{"line":48,"column":56}}},"17":{"name":"(anonymous_17)","line":55,"loc":{"start":{"line":55,"column":17},"end":{"line":55,"column":28}}},"18":{"name":"(anonymous_18)","line":56,"loc":{"start":{"line":56,"column":17},"end":{"line":56,"column":31}}},"19":{"name":"(anonymous_19)","line":57,"loc":{"start":{"line":57,"column":16},"end":{"line":57,"column":42}}},"20":{"name":"(anonymous_20)","line":58,"loc":{"start":{"line":58,"column":18},"end":{"line":58,"column":56}}},"21":{"name":"(anonymous_21)","line":61,"loc":{"start":{"line":61,"column":12},"end":{"line":61,"column":23}}},"22":{"name":"(anonymous_22)","line":67,"loc":{"start":{"line":67,"column":18},"end":{"line":67,"column":29}}},"23":{"name":"(anonymous_23)","line":72,"loc":{"start":{"line":72,"column":17},"end":{"line":72,"column":28}}},"24":{"name":"(anonymous_24)","line":73,"loc":{"start":{"line":73,"column":17},"end":{"line":73,"column":31}}},"25":{"name":"(anonymous_25)","line":74,"loc":{"start":{"line":74,"column":16},"end":{"line":74,"column":42}}},"26":{"name":"(anonymous_26)","line":75,"loc":{"start":{"line":75,"column":18},"end":{"line":75,"column":56}}},"27":{"name":"(anonymous_27)","line":78,"loc":{"start":{"line":78,"column":12},"end":{"line":78,"column":23}}},"28":{"name":"(anonymous_28)","line":84,"loc":{"start":{"line":84,"column":18},"end":{"line":84,"column":29}}},"29":{"name":"(anonymous_29)","line":89,"loc":{"start":{"line":89,"column":17},"end":{"line":89,"column":29}}},"30":{"name":"(anonymous_30)","line":90,"loc":{"start":{"line":90,"column":17},"end":{"line":90,"column":31}}},"31":{"name":"(anonymous_31)","line":91,"loc":{"start":{"line":91,"column":16},"end":{"line":91,"column":42}}},"32":{"name":"(anonymous_32)","line":92,"loc":{"start":{"line":92,"column":18},"end":{"line":92,"column":56}}},"33":{"name":"(anonymous_33)","line":99,"loc":{"start":{"line":99,"column":17},"end":{"line":99,"column":28}}},"34":{"name":"(anonymous_34)","line":100,"loc":{"start":{"line":100,"column":17},"end":{"line":100,"column":31}}},"35":{"name":"(anonymous_35)","line":101,"loc":{"start":{"line":101,"column":16},"end":{"line":101,"column":42}}},"36":{"name":"(anonymous_36)","line":102,"loc":{"start":{"line":102,"column":18},"end":{"line":102,"column":56}}},"37":{"name":"(anonymous_37)","line":105,"loc":{"start":{"line":105,"column":12},"end":{"line":105,"column":23}}},"38":{"name":"(anonymous_38)","line":111,"loc":{"start":{"line":111,"column":23},"end":{"line":111,"column":34}}},"39":{"name":"(anonymous_39)","line":127,"loc":{"start":{"line":127,"column":17},"end":{"line":127,"column":28}}},"40":{"name":"(anonymous_40)","line":128,"loc":{"start":{"line":128,"column":17},"end":{"line":128,"column":31}}},"41":{"name":"(anonymous_41)","line":129,"loc":{"start":{"line":129,"column":16},"end":{"line":129,"column":42}}},"42":{"name":"(anonymous_42)","line":130,"loc":{"start":{"line":130,"column":18},"end":{"line":130,"column":56}}},"43":{"name":"(anonymous_43)","line":133,"loc":{"start":{"line":133,"column":12},"end":{"line":133,"column":23}}},"44":{"name":"(anonymous_44)","line":139,"loc":{"start":{"line":139,"column":23},"end":{"line":139,"column":34}}},"45":{"name":"(anonymous_45)","line":144,"loc":{"start":{"line":144,"column":17},"end":{"line":144,"column":29}}},"46":{"name":"(anonymous_46)","line":145,"loc":{"start":{"line":145,"column":17},"end":{"line":145,"column":31}}},"47":{"name":"(anonymous_47)","line":146,"loc":{"start":{"line":146,"column":16},"end":{"line":146,"column":42}}},"48":{"name":"(anonymous_48)","line":147,"loc":{"start":{"line":147,"column":18},"end":{"line":147,"column":56}}},"49":{"name":"(anonymous_49)","line":161,"loc":{"start":{"line":161,"column":12},"end":{"line":161,"column":23}}}},"statementMap":{"1":{"start":{"line":2,"column":0},"end":{"line":2,"column":42}},"2":{"start":{"line":4,"column":0},"end":{"line":167,"column":3}},"3":{"start":{"line":5,"column":2},"end":{"line":38,"column":5}},"4":{"start":{"line":7,"column":4},"end":{"line":15,"column":6}},"5":{"start":{"line":17,"column":4},"end":{"line":25,"column":6}},"6":{"start":{"line":28,"column":4},"end":{"line":32,"column":6}},"7":{"start":{"line":34,"column":4},"end":{"line":36,"column":21}},"8":{"start":{"line":35,"column":8},"end":{"line":35,"column":45}},"9":{"start":{"line":40,"column":2},"end":{"line":65,"column":5}},"10":{"start":{"line":41,"column":4},"end":{"line":49,"column":6}},"11":{"start":{"line":51,"column":4},"end":{"line":59,"column":6}},"12":{"start":{"line":61,"column":4},"end":{"line":63,"column":17}},"13":{"start":{"line":62,"column":8},"end":{"line":62,"column":45}},"14":{"start":{"line":67,"column":2},"end":{"line":82,"column":5}},"15":{"start":{"line":68,"column":4},"end":{"line":76,"column":6}},"16":{"start":{"line":78,"column":4},"end":{"line":80,"column":17}},"17":{"start":{"line":79,"column":8},"end":{"line":79,"column":40}},"18":{"start":{"line":84,"column":2},"end":{"line":109,"column":5}},"19":{"start":{"line":85,"column":4},"end":{"line":93,"column":6}},"20":{"start":{"line":95,"column":4},"end":{"line":103,"column":6}},"21":{"start":{"line":105,"column":4},"end":{"line":107,"column":17}},"22":{"start":{"line":106,"column":8},"end":{"line":106,"column":45}},"23":{"start":{"line":111,"column":2},"end":{"line":137,"column":5}},"24":{"start":{"line":112,"column":4},"end":{"line":112,"column":18}},"25":{"start":{"line":123,"column":4},"end":{"line":131,"column":6}},"26":{"start":{"line":133,"column":4},"end":{"line":135,"column":17}},"27":{"start":{"line":134,"column":8},"end":{"line":134,"column":45}},"28":{"start":{"line":139,"column":2},"end":{"line":165,"column":5}},"29":{"start":{"line":140,"column":4},"end":{"line":148,"column":6}},"30":{"start":{"line":150,"column":4},"end":{"line":150,"column":13}},"31":{"start":{"line":161,"column":4},"end":{"line":163,"column":17}},"32":{"start":{"line":162,"column":8},"end":{"line":162,"column":45}}},"branchMap":{}},"D:\\Node\\param-signatures\\signatures.js":{"path":"D:\\Node\\param-signatures\\signatures.js","s":{"1":1,"2":1,"3":1,"4":1,"5":292,"6":40,"7":252,"8":1,"9":103,"10":2,"11":2,"12":101,"13":2,"14":2,"15":99,"16":99,"17":99,"18":94,"19":87,"20":7,"21":1,"22":5,"23":0,"24":1,"25":34,"26":7,"27":7,"28":7,"29":7,"30":7,"31":1,"32":1,"33":1,"34":1,"35":1,"36":1,"37":87,"38":87,"39":87,"40":41,"41":41,"42":41,"43":46,"44":110,"45":110,"46":14,"47":110,"48":110,"49":110,"50":110,"51":110,"52":109,"53":7,"54":109,"55":8,"56":101,"57":49,"58":1,"59":1,"60":110,"61":14,"62":1,"63":50,"64":47,"65":47,"66":4,"67":3,"68":3,"69":1,"70":1,"71":0,"72":0,"73":0,"74":0,"75":0,"76":0,"77":0,"78":0,"79":0,"80":0,"81":1,"82":44,"83":44,"84":102,"85":102,"86":77,"87":25,"88":44,"89":28,"90":28,"91":3,"92":44,"93":1,"94":44,"95":44,"96":44,"97":44,"98":44,"99":44,"100":44,"101":44,"102":77,"103":77,"104":77,"105":77,"106":0,"107":77,"108":44,"109":25,"110":25,"111":25,"112":25,"113":3,"114":3,"115":22,"116":44,"117":0,"118":1,"119":1,"120":1,"121":39,"122":39,"123":39,"124":39,"125":2,"126":37,"127":39,"128":34,"129":12,"130":12,"131":12,"132":44,"133":36,"134":44,"135":0,"136":44,"137":44,"138":44,"139":3,"140":41,"141":22,"142":9},"b":{"1":[40,252],"2":[292,290],"3":[2,101],"4":[2,99],"5":[94,5],"6":[87,7],"7":[1,6],"8":[7,27],"9":[41,46],"10":[14,96],"11":[109,1],"12":[7,102],"13":[8,101],"14":[49,52],"15":[14,96],"16":[47,3],"17":[4,43],"18":[0,0],"19":[77,25],"20":[3,25],"21":[44,0],"22":[44,44],"23":[0,77],"24":[3,22],"25":[2,37],"26":[12,12],"27":[36,8],"28":[0,44],"29":[3,41]},"f":{"1":292,"2":103,"3":34,"4":1,"5":87,"6":50,"7":39,"8":0,"9":44,"10":44,"11":39,"12":12,"13":44,"14":22,"15":9},"fnMap":{"1":{"name":"isNullOrUndefined","line":10,"loc":{"start":{"line":10,"column":0},"end":{"line":10,"column":41}}},"2":{"name":"validateObjects","line":18,"loc":{"start":{"line":18,"column":0},"end":{"line":18,"column":55}}},"3":{"name":"throwIfErrors","line":50,"loc":{"start":{"line":50,"column":0},"end":{"line":50,"column":34}}},"4":{"name":"formatTypeOf","line":61,"loc":{"start":{"line":61,"column":0},"end":{"line":61,"column":64}}},"5":{"name":"validateObjectProperties","line":68,"loc":{"start":{"line":68,"column":0},"end":{"line":68,"column":70}}},"6":{"name":"validateFunctionSignatures","line":119,"loc":{"start":{"line":119,"column":0},"end":{"line":119,"column":80}}},"7":{"name":"emptyLog","line":135,"loc":{"start":{"line":135,"column":0},"end":{"line":135,"column":24}}},"8":{"name":"cloneObj","line":138,"loc":{"start":{"line":138,"column":0},"end":{"line":138,"column":23}}},"9":{"name":"getComparison","line":154,"loc":{"start":{"line":154,"column":0},"end":{"line":154,"column":53}}},"10":{"name":"mergeObjects","line":180,"loc":{"start":{"line":180,"column":0},"end":{"line":180,"column":41}}},"11":{"name":"(anonymous_11)","line":238,"loc":{"start":{"line":238,"column":12},"end":{"line":238,"column":40}}},"12":{"name":"(anonymous_12)","line":257,"loc":{"start":{"line":257,"column":15},"end":{"line":257,"column":40}}},"13":{"name":"(anonymous_13)","line":264,"loc":{"start":{"line":264,"column":18},"end":{"line":264,"column":37}}},"14":{"name":"(anonymous_14)","line":287,"loc":{"start":{"line":287,"column":15},"end":{"line":287,"column":29}}},"15":{"name":"(anonymous_15)","line":291,"loc":{"start":{"line":291,"column":20},"end":{"line":291,"column":35}}}},"statementMap":{"1":{"start":{"line":3,"column":0},"end":{"line":3,"column":41}},"2":{"start":{"line":5,"column":0},"end":{"line":5,"column":19}},"3":{"start":{"line":8,"column":0},"end":{"line":8,"column":23}},"4":{"start":{"line":10,"column":0},"end":{"line":16,"column":1}},"5":{"start":{"line":11,"column":2},"end":{"line":13,"column":3}},"6":{"start":{"line":12,"column":4},"end":{"line":12,"column":16}},"7":{"start":{"line":15,"column":2},"end":{"line":15,"column":15}},"8":{"start":{"line":18,"column":0},"end":{"line":48,"column":1}},"9":{"start":{"line":24,"column":2},"end":{"line":27,"column":3}},"10":{"start":{"line":25,"column":4},"end":{"line":25,"column":50}},"11":{"start":{"line":26,"column":4},"end":{"line":26,"column":11}},"12":{"start":{"line":29,"column":2},"end":{"line":32,"column":3}},"13":{"start":{"line":30,"column":4},"end":{"line":30,"column":53}},"14":{"start":{"line":31,"column":4},"end":{"line":31,"column":11}},"15":{"start":{"line":34,"column":2},"end":{"line":34,"column":46}},"16":{"start":{"line":35,"column":2},"end":{"line":35,"column":46}},"17":{"start":{"line":37,"column":2},"end":{"line":47,"column":3}},"18":{"start":{"line":39,"column":4},"end":{"line":43,"column":5}},"19":{"start":{"line":40,"column":6},"end":{"line":40,"column":69}},"20":{"start":{"line":41,"column":11},"end":{"line":43,"column":5}},"21":{"start":{"line":42,"column":6},"end":{"line":42,"column":71}},"22":{"start":{"line":45,"column":4},"end":{"line":45,"column":79}},"23":{"start":{"line":46,"column":4},"end":{"line":46,"column":30}},"24":{"start":{"line":50,"column":0},"end":{"line":59,"column":1}},"25":{"start":{"line":51,"column":2},"end":{"line":58,"column":3}},"26":{"start":{"line":52,"column":4},"end":{"line":52,"column":24}},"27":{"start":{"line":53,"column":4},"end":{"line":56,"column":5}},"28":{"start":{"line":54,"column":6},"end":{"line":54,"column":29}},"29":{"start":{"line":55,"column":6},"end":{"line":55,"column":31}},"30":{"start":{"line":57,"column":4},"end":{"line":57,"column":32}},"31":{"start":{"line":61,"column":0},"end":{"line":66,"column":1}},"32":{"start":{"line":62,"column":2},"end":{"line":62,"column":66}},"33":{"start":{"line":63,"column":2},"end":{"line":63,"column":57}},"34":{"start":{"line":64,"column":2},"end":{"line":64,"column":118}},"35":{"start":{"line":65,"column":2},"end":{"line":65,"column":16}},"36":{"start":{"line":68,"column":0},"end":{"line":117,"column":1}},"37":{"start":{"line":69,"column":2},"end":{"line":69,"column":30}},"38":{"start":{"line":70,"column":2},"end":{"line":70,"column":33}},"39":{"start":{"line":72,"column":2},"end":{"line":76,"column":3}},"40":{"start":{"line":73,"column":4},"end":{"line":73,"column":75}},"41":{"start":{"line":74,"column":4},"end":{"line":74,"column":34}},"42":{"start":{"line":75,"column":4},"end":{"line":75,"column":11}},"43":{"start":{"line":78,"column":2},"end":{"line":116,"column":3}},"44":{"start":{"line":79,"column":4},"end":{"line":79,"column":29}},"45":{"start":{"line":81,"column":4},"end":{"line":83,"column":5}},"46":{"start":{"line":82,"column":6},"end":{"line":82,"column":40}},"47":{"start":{"line":85,"column":4},"end":{"line":85,"column":32}},"48":{"start":{"line":86,"column":4},"end":{"line":86,"column":32}},"49":{"start":{"line":88,"column":4},"end":{"line":88,"column":48}},"50":{"start":{"line":89,"column":4},"end":{"line":89,"column":48}},"51":{"start":{"line":92,"column":4},"end":{"line":110,"column":5}},"52":{"start":{"line":93,"column":6},"end":{"line":95,"column":7}},"53":{"start":{"line":94,"column":8},"end":{"line":94,"column":68}},"54":{"start":{"line":98,"column":6},"end":{"line":105,"column":7}},"55":{"start":{"line":99,"column":8},"end":{"line":99,"column":62}},"56":{"start":{"line":101,"column":11},"end":{"line":105,"column":7}},"57":{"start":{"line":104,"column":8},"end":{"line":104,"column":83}},"58":{"start":{"line":108,"column":6},"end":{"line":108,"column":81}},"59":{"start":{"line":109,"column":6},"end":{"line":109,"column":32}},"60":{"start":{"line":113,"column":4},"end":{"line":115,"column":5}},"61":{"start":{"line":114,"column":6},"end":{"line":114,"column":38}},"62":{"start":{"line":119,"column":0},"end":{"line":133,"column":1}},"63":{"start":{"line":122,"column":2},"end":{"line":132,"column":3}},"64":{"start":{"line":124,"column":4},"end":{"line":124,"column":44}},"65":{"start":{"line":125,"column":4},"end":{"line":127,"column":5}},"66":{"start":{"line":126,"column":6},"end":{"line":126,"column":76}},"67":{"start":{"line":130,"column":4},"end":{"line":130,"column":140}},"68":{"start":{"line":131,"column":4},"end":{"line":131,"column":30}},"69":{"start":{"line":135,"column":0},"end":{"line":136,"column":1}},"70":{"start":{"line":138,"column":0},"end":{"line":152,"column":1}},"71":{"start":{"line":139,"column":2},"end":{"line":139,"column":18}},"72":{"start":{"line":140,"column":2},"end":{"line":140,"column":30}},"73":{"start":{"line":141,"column":2},"end":{"line":149,"column":3}},"74":{"start":{"line":142,"column":4},"end":{"line":142,"column":23}},"75":{"start":{"line":143,"column":4},"end":{"line":143,"column":24}},"76":{"start":{"line":144,"column":4},"end":{"line":144,"column":41}},"77":{"start":{"line":145,"column":4},"end":{"line":147,"column":5}},"78":{"start":{"line":146,"column":6},"end":{"line":146,"column":35}},"79":{"start":{"line":148,"column":4},"end":{"line":148,"column":23}},"80":{"start":{"line":151,"column":2},"end":{"line":151,"column":16}},"81":{"start":{"line":154,"column":0},"end":{"line":178,"column":1}},"82":{"start":{"line":155,"column":2},"end":{"line":159,"column":4}},"83":{"start":{"line":161,"column":2},"end":{"line":168,"column":3}},"84":{"start":{"line":162,"column":4},"end":{"line":162,"column":31}},"85":{"start":{"line":163,"column":4},"end":{"line":167,"column":5}},"86":{"start":{"line":164,"column":6},"end":{"line":164,"column":35}},"87":{"start":{"line":166,"column":6},"end":{"line":166,"column":35}},"88":{"start":{"line":170,"column":2},"end":{"line":175,"column":3}},"89":{"start":{"line":171,"column":4},"end":{"line":171,"column":32}},"90":{"start":{"line":172,"column":4},"end":{"line":174,"column":5}},"91":{"start":{"line":173,"column":6},"end":{"line":173,"column":34}},"92":{"start":{"line":177,"column":2},"end":{"line":177,"column":20}},"93":{"start":{"line":180,"column":0},"end":{"line":225,"column":1}},"94":{"start":{"line":181,"column":2},"end":{"line":181,"column":42}},"95":{"start":{"line":182,"column":2},"end":{"line":182,"column":42}},"96":{"start":{"line":186,"column":2},"end":{"line":224,"column":3}},"97":{"start":{"line":187,"column":4},"end":{"line":187,"column":35}},"98":{"start":{"line":188,"column":4},"end":{"line":188,"column":35}},"99":{"start":{"line":190,"column":4},"end":{"line":190,"column":47}},"100":{"start":{"line":193,"column":4},"end":{"line":193,"column":20}},"101":{"start":{"line":195,"column":4},"end":{"line":204,"column":5}},"102":{"start":{"line":196,"column":6},"end":{"line":196,"column":37}},"103":{"start":{"line":197,"column":6},"end":{"line":197,"column":34}},"104":{"start":{"line":198,"column":6},"end":{"line":198,"column":50}},"105":{"start":{"line":199,"column":6},"end":{"line":203,"column":7}},"106":{"start":{"line":200,"column":8},"end":{"line":200,"column":45}},"107":{"start":{"line":202,"column":8},"end":{"line":202,"column":35}},"108":{"start":{"line":206,"column":4},"end":{"line":218,"column":5}},"109":{"start":{"line":207,"column":8},"end":{"line":207,"column":35}},"110":{"start":{"line":208,"column":8},"end":{"line":208,"column":36}},"111":{"start":{"line":210,"column":8},"end":{"line":210,"column":52}},"112":{"start":{"line":211,"column":8},"end":{"line":217,"column":9}},"113":{"start":{"line":212,"column":10},"end":{"line":212,"column":38}},"114":{"start":{"line":213,"column":10},"end":{"line":213,"column":69}},"115":{"start":{"line":216,"column":10},"end":{"line":216,"column":37}},"116":{"start":{"line":220,"column":4},"end":{"line":220,"column":18}},"117":{"start":{"line":223,"column":4},"end":{"line":223,"column":15}},"118":{"start":{"line":227,"column":0},"end":{"line":230,"column":2}},"119":{"start":{"line":232,"column":0},"end":{"line":235,"column":2}},"120":{"start":{"line":237,"column":0},"end":{"line":294,"column":2}},"121":{"start":{"line":239,"column":4},"end":{"line":239,"column":20}},"122":{"start":{"line":243,"column":4},"end":{"line":243,"column":74}},"123":{"start":{"line":244,"column":4},"end":{"line":244,"column":24}},"124":{"start":{"line":246,"column":4},"end":{"line":251,"column":5}},"125":{"start":{"line":247,"column":6},"end":{"line":247,"column":24}},"126":{"start":{"line":250,"column":6},"end":{"line":250,"column":21}},"127":{"start":{"line":253,"column":4},"end":{"line":253,"column":44}},"128":{"start":{"line":254,"column":4},"end":{"line":254,"column":26}},"129":{"start":{"line":258,"column":8},"end":{"line":258,"column":30}},"130":{"start":{"line":259,"column":8},"end":{"line":259,"column":58}},"131":{"start":{"line":261,"column":8},"end":{"line":261,"column":34}},"132":{"start":{"line":268,"column":4},"end":{"line":270,"column":5}},"133":{"start":{"line":269,"column":8},"end":{"line":269,"column":17}},"134":{"start":{"line":272,"column":4},"end":{"line":274,"column":5}},"135":{"start":{"line":273,"column":8},"end":{"line":273,"column":73}},"136":{"start":{"line":276,"column":4},"end":{"line":276,"column":20}},"137":{"start":{"line":277,"column":4},"end":{"line":277,"column":54}},"138":{"start":{"line":278,"column":4},"end":{"line":282,"column":5}},"139":{"start":{"line":279,"column":6},"end":{"line":279,"column":17}},"140":{"start":{"line":281,"column":6},"end":{"line":281,"column":36}},"141":{"start":{"line":288,"column":4},"end":{"line":288,"column":37}},"142":{"start":{"line":292,"column":4},"end":{"line":292,"column":43}}},"branchMap":{"1":{"line":11,"type":"if","locations":[{"start":{"line":11,"column":2},"end":{"line":11,"column":2}},{"start":{"line":11,"column":2},"end":{"line":11,"column":2}}]},"2":{"line":11,"type":"binary-expr","locations":[{"start":{"line":11,"column":7},"end":{"line":11,"column":28}},{"start":{"line":11,"column":34},"end":{"line":11,"column":60}}]},"3":{"line":24,"type":"if","locations":[{"start":{"line":24,"column":2},"end":{"line":24,"column":2}},{"start":{"line":24,"column":2},"end":{"line":24,"column":2}}]},"4":{"line":29,"type":"if","locations":[{"start":{"line":29,"column":2},"end":{"line":29,"column":2}},{"start":{"line":29,"column":2},"end":{"line":29,"column":2}}]},"5":{"line":37,"type":"if","locations":[{"start":{"line":37,"column":2},"end":{"line":37,"column":2}},{"start":{"line":37,"column":2},"end":{"line":37,"column":2}}]},"6":{"line":39,"type":"if","locations":[{"start":{"line":39,"column":4},"end":{"line":39,"column":4}},{"start":{"line":39,"column":4},"end":{"line":39,"column":4}}]},"7":{"line":41,"type":"if","locations":[{"start":{"line":41,"column":11},"end":{"line":41,"column":11}},{"start":{"line":41,"column":11},"end":{"line":41,"column":11}}]},"8":{"line":51,"type":"if","locations":[{"start":{"line":51,"column":2},"end":{"line":51,"column":2}},{"start":{"line":51,"column":2},"end":{"line":51,"column":2}}]},"9":{"line":72,"type":"if","locations":[{"start":{"line":72,"column":2},"end":{"line":72,"column":2}},{"start":{"line":72,"column":2},"end":{"line":72,"column":2}}]},"10":{"line":81,"type":"if","locations":[{"start":{"line":81,"column":4},"end":{"line":81,"column":4}},{"start":{"line":81,"column":4},"end":{"line":81,"column":4}}]},"11":{"line":92,"type":"if","locations":[{"start":{"line":92,"column":4},"end":{"line":92,"column":4}},{"start":{"line":92,"column":4},"end":{"line":92,"column":4}}]},"12":{"line":93,"type":"if","locations":[{"start":{"line":93,"column":6},"end":{"line":93,"column":6}},{"start":{"line":93,"column":6},"end":{"line":93,"column":6}}]},"13":{"line":98,"type":"if","locations":[{"start":{"line":98,"column":6},"end":{"line":98,"column":6}},{"start":{"line":98,"column":6},"end":{"line":98,"column":6}}]},"14":{"line":101,"type":"if","locations":[{"start":{"line":101,"column":11},"end":{"line":101,"column":11}},{"start":{"line":101,"column":11},"end":{"line":101,"column":11}}]},"15":{"line":113,"type":"if","locations":[{"start":{"line":113,"column":4},"end":{"line":113,"column":4}},{"start":{"line":113,"column":4},"end":{"line":113,"column":4}}]},"16":{"line":122,"type":"if","locations":[{"start":{"line":122,"column":2},"end":{"line":122,"column":2}},{"start":{"line":122,"column":2},"end":{"line":122,"column":2}}]},"17":{"line":125,"type":"if","locations":[{"start":{"line":125,"column":4},"end":{"line":125,"column":4}},{"start":{"line":125,"column":4},"end":{"line":125,"column":4}}]},"18":{"line":145,"type":"if","locations":[{"start":{"line":145,"column":4},"end":{"line":145,"column":4}},{"start":{"line":145,"column":4},"end":{"line":145,"column":4}}]},"19":{"line":163,"type":"if","locations":[{"start":{"line":163,"column":4},"end":{"line":163,"column":4}},{"start":{"line":163,"column":4},"end":{"line":163,"column":4}}]},"20":{"line":172,"type":"if","locations":[{"start":{"line":172,"column":4},"end":{"line":172,"column":4}},{"start":{"line":172,"column":4},"end":{"line":172,"column":4}}]},"21":{"line":186,"type":"if","locations":[{"start":{"line":186,"column":2},"end":{"line":186,"column":2}},{"start":{"line":186,"column":2},"end":{"line":186,"column":2}}]},"22":{"line":186,"type":"binary-expr","locations":[{"start":{"line":186,"column":7},"end":{"line":186,"column":44}},{"start":{"line":186,"column":50},"end":{"line":186,"column":87}}]},"23":{"line":199,"type":"if","locations":[{"start":{"line":199,"column":6},"end":{"line":199,"column":6}},{"start":{"line":199,"column":6},"end":{"line":199,"column":6}}]},"24":{"line":211,"type":"if","locations":[{"start":{"line":211,"column":8},"end":{"line":211,"column":8}},{"start":{"line":211,"column":8},"end":{"line":211,"column":8}}]},"25":{"line":246,"type":"if","locations":[{"start":{"line":246,"column":4},"end":{"line":246,"column":4}},{"start":{"line":246,"column":4},"end":{"line":246,"column":4}}]},"26":{"line":258,"type":"binary-expr","locations":[{"start":{"line":258,"column":17},"end":{"line":258,"column":23}},{"start":{"line":258,"column":27},"end":{"line":258,"column":29}}]},"27":{"line":268,"type":"if","locations":[{"start":{"line":268,"column":4},"end":{"line":268,"column":4}},{"start":{"line":268,"column":4},"end":{"line":268,"column":4}}]},"28":{"line":272,"type":"if","locations":[{"start":{"line":272,"column":4},"end":{"line":272,"column":4}},{"start":{"line":272,"column":4},"end":{"line":272,"column":4}}]},"29":{"line":278,"type":"if","locations":[{"start":{"line":278,"column":4},"end":{"line":278,"column":4}},{"start":{"line":278,"column":4},"end":{"line":278,"column":4}}]}}},"D:\\Node\\param-signatures\\matchers\\all.js":{"path":"D:\\Node\\param-signatures\\matchers\\all.js","s":{"1":1,"2":1,"3":1,"4":1,"5":1,"6":1,"7":1,"8":1,"9":1,"10":1,"11":1,"12":1,"13":1,"14":1,"15":1,"16":1,"17":1,"18":1,"19":1,"20":1,"21":1260,"22":1,"23":1,"24":1,"25":630,"26":630,"27":4048,"28":4048,"29":630,"30":0,"31":630,"32":630,"33":630,"34":18,"35":1,"36":17,"37":1,"38":16,"39":2,"40":14,"41":1,"42":13,"43":3,"44":10,"45":3,"46":7,"47":5,"48":2,"49":1,"50":1,"51":1},"b":{"1":[1,1259],"2":[630,3418],"3":[1,17],"4":[1,16],"5":[2,14],"6":[1,13],"7":[3,10],"8":[3,7],"9":[5,2],"10":[1,1],"11":[1,0]},"f":{"1":1,"2":1260,"3":630,"4":630,"5":18},"fnMap":{"1":{"name":"loadMatchers","line":7,"loc":{"start":{"line":7,"column":16},"end":{"line":7,"column":40}}},"2":{"name":"(anonymous_2)","line":28,"loc":{"start":{"line":28,"column":14},"end":{"line":28,"column":25}}},"3":{"name":"findMatcher","line":37,"loc":{"start":{"line":37,"column":15},"end":{"line":37,"column":48}}},"4":{"name":"getTypeCode","line":50,"loc":{"start":{"line":50,"column":15},"end":{"line":50,"column":48}}},"5":{"name":"typeCodeToString","line":56,"loc":{"start":{"line":56,"column":20},"end":{"line":56,"column":56}}}},"statementMap":{"1":{"start":{"line":2,"column":0},"end":{"line":2,"column":39}},"2":{"start":{"line":4,"column":0},"end":{"line":34,"column":2}},"3":{"start":{"line":8,"column":4},"end":{"line":8,"column":37}},"4":{"start":{"line":9,"column":4},"end":{"line":9,"column":32}},"5":{"start":{"line":10,"column":4},"end":{"line":10,"column":34}},"6":{"start":{"line":11,"column":4},"end":{"line":11,"column":36}},"7":{"start":{"line":12,"column":4},"end":{"line":12,"column":37}},"8":{"start":{"line":13,"column":4},"end":{"line":13,"column":34}},"9":{"start":{"line":14,"column":4},"end":{"line":14,"column":34}},"10":{"start":{"line":15,"column":4},"end":{"line":15,"column":33}},"11":{"start":{"line":16,"column":4},"end":{"line":16,"column":33}},"12":{"start":{"line":18,"column":4},"end":{"line":18,"column":40}},"13":{"start":{"line":19,"column":4},"end":{"line":19,"column":40}},"14":{"start":{"line":20,"column":4},"end":{"line":20,"column":41}},"15":{"start":{"line":21,"column":4},"end":{"line":21,"column":41}},"16":{"start":{"line":22,"column":4},"end":{"line":22,"column":41}},"17":{"start":{"line":23,"column":4},"end":{"line":23,"column":40}},"18":{"start":{"line":24,"column":4},"end":{"line":24,"column":40}},"19":{"start":{"line":25,"column":4},"end":{"line":25,"column":40}},"20":{"start":{"line":26,"column":4},"end":{"line":26,"column":40}},"21":{"start":{"line":29,"column":4},"end":{"line":32,"column":5}},"22":{"start":{"line":30,"column":6},"end":{"line":30,"column":38}},"23":{"start":{"line":31,"column":6},"end":{"line":31,"column":44}},"24":{"start":{"line":36,"column":0},"end":{"line":87,"column":2}},"25":{"start":{"line":38,"column":4},"end":{"line":38,"column":34}},"26":{"start":{"line":39,"column":4},"end":{"line":45,"column":5}},"27":{"start":{"line":41,"column":6},"end":{"line":41,"column":51}},"28":{"start":{"line":42,"column":6},"end":{"line":44,"column":7}},"29":{"start":{"line":43,"column":8},"end":{"line":43,"column":23}},"30":{"start":{"line":47,"column":4},"end":{"line":47,"column":16}},"31":{"start":{"line":51,"column":4},"end":{"line":51,"column":34}},"32":{"start":{"line":52,"column":4},"end":{"line":52,"column":57}},"33":{"start":{"line":53,"column":4},"end":{"line":53,"column":33}},"34":{"start":{"line":57,"column":4},"end":{"line":83,"column":5}},"35":{"start":{"line":58,"column":6},"end":{"line":58,"column":22}},"36":{"start":{"line":60,"column":9},"end":{"line":83,"column":5}},"37":{"start":{"line":61,"column":6},"end":{"line":61,"column":22}},"38":{"start":{"line":63,"column":9},"end":{"line":83,"column":5}},"39":{"start":{"line":64,"column":6},"end":{"line":64,"column":25}},"40":{"start":{"line":66,"column":9},"end":{"line":83,"column":5}},"41":{"start":{"line":67,"column":6},"end":{"line":67,"column":20}},"42":{"start":{"line":69,"column":9},"end":{"line":83,"column":5}},"43":{"start":{"line":70,"column":6},"end":{"line":70,"column":22}},"44":{"start":{"line":72,"column":9},"end":{"line":83,"column":5}},"45":{"start":{"line":73,"column":6},"end":{"line":73,"column":23}},"46":{"start":{"line":75,"column":9},"end":{"line":83,"column":5}},"47":{"start":{"line":76,"column":6},"end":{"line":76,"column":24}},"48":{"start":{"line":78,"column":9},"end":{"line":83,"column":5}},"49":{"start":{"line":79,"column":6},"end":{"line":79,"column":20}},"50":{"start":{"line":81,"column":9},"end":{"line":83,"column":5}},"51":{"start":{"line":82,"column":6},"end":{"line":82,"column":21}}},"branchMap":{"1":{"line":29,"type":"if","locations":[{"start":{"line":29,"column":4},"end":{"line":29,"column":4}},{"start":{"line":29,"column":4},"end":{"line":29,"column":4}}]},"2":{"line":42,"type":"if","locations":[{"start":{"line":42,"column":6},"end":{"line":42,"column":6}},{"start":{"line":42,"column":6},"end":{"line":42,"column":6}}]},"3":{"line":57,"type":"if","locations":[{"start":{"line":57,"column":4},"end":{"line":57,"column":4}},{"start":{"line":57,"column":4},"end":{"line":57,"column":4}}]},"4":{"line":60,"type":"if","locations":[{"start":{"line":60,"column":9},"end":{"line":60,"column":9}},{"start":{"line":60,"column":9},"end":{"line":60,"column":9}}]},"5":{"line":63,"type":"if","locations":[{"start":{"line":63,"column":9},"end":{"line":63,"column":9}},{"start":{"line":63,"column":9},"end":{"line":63,"column":9}}]},"6":{"line":66,"type":"if","locations":[{"start":{"line":66,"column":9},"end":{"line":66,"column":9}},{"start":{"line":66,"column":9},"end":{"line":66,"column":9}}]},"7":{"line":69,"type":"if","locations":[{"start":{"line":69,"column":9},"end":{"line":69,"column":9}},{"start":{"line":69,"column":9},"end":{"line":69,"column":9}}]},"8":{"line":72,"type":"if","locations":[{"start":{"line":72,"column":9},"end":{"line":72,"column":9}},{"start":{"line":72,"column":9},"end":{"line":72,"column":9}}]},"9":{"line":75,"type":"if","locations":[{"start":{"line":75,"column":9},"end":{"line":75,"column":9}},{"start":{"line":75,"column":9},"end":{"line":75,"column":9}}]},"10":{"line":78,"type":"if","locations":[{"start":{"line":78,"column":9},"end":{"line":78,"column":9}},{"start":{"line":78,"column":9},"end":{"line":78,"column":9}}]},"11":{"line":81,"type":"if","locations":[{"start":{"line":81,"column":9},"end":{"line":81,"column":9}},{"start":{"line":81,"column":9},"end":{"line":81,"column":9}}]}}},"D:\\Node\\param-signatures\\matchers\\typecodes.js":{"path":"D:\\Node\\param-signatures\\matchers\\typecodes.js","s":{"1":1},"b":{},"f":{},"fnMap":{},"statementMap":{"1":{"start":{"line":10,"column":0},"end":{"line":20,"column":2}}},"branchMap":{}},"D:\\Node\\param-signatures\\spec\\mergeSpec.js":{"path":"D:\\Node\\param-signatures\\spec\\mergeSpec.js","s":{"1":1,"2":1,"3":1,"4":1,"5":1,"6":1,"7":1,"8":1,"9":1,"10":1,"11":1,"12":1,"13":1,"14":1,"15":1,"16":1},"b":{},"f":{"1":1,"2":1,"3":0,"4":0,"5":0,"6":0,"7":0,"8":0,"9":0,"10":1,"11":0,"12":0,"13":0,"14":0},"fnMap":{"1":{"name":"(anonymous_1)","line":4,"loc":{"start":{"line":4,"column":44},"end":{"line":4,"column":55}}},"2":{"name":"(anonymous_2)","line":5,"loc":{"start":{"line":5,"column":22},"end":{"line":5,"column":33}}},"3":{"name":"(anonymous_3)","line":10,"loc":{"start":{"line":10,"column":17},"end":{"line":10,"column":29}}},"4":{"name":"(anonymous_4)","line":11,"loc":{"start":{"line":11,"column":17},"end":{"line":11,"column":31}}},"5":{"name":"(anonymous_5)","line":12,"loc":{"start":{"line":12,"column":16},"end":{"line":12,"column":42}}},"6":{"name":"(anonymous_6)","line":13,"loc":{"start":{"line":13,"column":18},"end":{"line":13,"column":56}}},"7":{"name":"(anonymous_7)","line":20,"loc":{"start":{"line":20,"column":17},"end":{"line":20,"column":28}}},"8":{"name":"(anonymous_8)","line":21,"loc":{"start":{"line":21,"column":17},"end":{"line":21,"column":31}}},"9":{"name":"(anonymous_9)","line":22,"loc":{"start":{"line":22,"column":16},"end":{"line":22,"column":42}}},"10":{"name":"(anonymous_10)","line":37,"loc":{"start":{"line":37,"column":26},"end":{"line":37,"column":37}}},"11":{"name":"(anonymous_11)","line":42,"loc":{"start":{"line":42,"column":17},"end":{"line":42,"column":29}}},"12":{"name":"(anonymous_12)","line":49,"loc":{"start":{"line":49,"column":17},"end":{"line":49,"column":28}}},"13":{"name":"(anonymous_13)","line":50,"loc":{"start":{"line":50,"column":17},"end":{"line":50,"column":31}}},"14":{"name":"(anonymous_14)","line":51,"loc":{"start":{"line":51,"column":16},"end":{"line":51,"column":42}}}},"statementMap":{"1":{"start":{"line":2,"column":0},"end":{"line":2,"column":42}},"2":{"start":{"line":4,"column":0},"end":{"line":63,"column":3}},"3":{"start":{"line":5,"column":2},"end":{"line":35,"column":5}},"4":{"start":{"line":6,"column":4},"end":{"line":14,"column":6}},"5":{"start":{"line":16,"column":4},"end":{"line":23,"column":6}},"6":{"start":{"line":25,"column":4},"end":{"line":25,"column":62}},"7":{"start":{"line":27,"column":4},"end":{"line":27,"column":34}},"8":{"start":{"line":29,"column":4},"end":{"line":29,"column":35}},"9":{"start":{"line":30,"column":4},"end":{"line":30,"column":32}},"10":{"start":{"line":37,"column":2},"end":{"line":61,"column":4}},"11":{"start":{"line":38,"column":4},"end":{"line":43,"column":6}},"12":{"start":{"line":45,"column":4},"end":{"line":52,"column":6}},"13":{"start":{"line":54,"column":4},"end":{"line":54,"column":62}},"14":{"start":{"line":56,"column":4},"end":{"line":56,"column":34}},"15":{"start":{"line":58,"column":4},"end":{"line":58,"column":35}},"16":{"start":{"line":59,"column":4},"end":{"line":59,"column":32}}},"branchMap":{}},"D:\\Node\\param-signatures\\spec\\nestedSpec.js":{"path":"D:\\Node\\param-signatures\\spec\\nestedSpec.js","s":{"1":1,"2":1,"3":1,"4":1,"5":1,"6":1,"7":1,"8":1,"9":1,"10":1,"11":1,"12":1,"13":1,"14":1,"15":1,"16":1,"17":1,"18":1,"19":1,"20":1,"21":1,"22":1},"b":{},"f":{"1":1,"2":1,"3":0,"4":0,"5":0,"6":0,"7":0,"8":0,"9":0,"10":0,"11":1,"12":1,"13":0,"14":0,"15":0,"16":0,"17":0,"18":0,"19":0,"20":0,"21":1,"22":1,"23":0,"24":0,"25":0,"26":0,"27":0,"28":0,"29":0,"30":0,"31":1,"32":1,"33":0,"34":0,"35":0,"36":0,"37":0,"38":0,"39":0,"40":0},"fnMap":{"1":{"name":"(anonymous_1)","line":4,"loc":{"start":{"line":4,"column":55},"end":{"line":4,"column":66}}},"2":{"name":"(anonymous_2)","line":5,"loc":{"start":{"line":5,"column":20},"end":{"line":5,"column":31}}},"3":{"name":"(anonymous_3)","line":12,"loc":{"start":{"line":12,"column":19},"end":{"line":12,"column":30}}},"4":{"name":"(anonymous_4)","line":13,"loc":{"start":{"line":13,"column":22},"end":{"line":13,"column":36}}},"5":{"name":"(anonymous_5)","line":14,"loc":{"start":{"line":14,"column":16},"end":{"line":14,"column":36}}},"6":{"name":"(anonymous_6)","line":15,"loc":{"start":{"line":15,"column":21},"end":{"line":15,"column":52}}},"7":{"name":"(anonymous_7)","line":25,"loc":{"start":{"line":25,"column":19},"end":{"line":25,"column":30}}},"8":{"name":"(anonymous_8)","line":26,"loc":{"start":{"line":26,"column":22},"end":{"line":26,"column":36}}},"9":{"name":"(anonymous_9)","line":27,"loc":{"start":{"line":27,"column":16},"end":{"line":27,"column":36}}},"10":{"name":"(anonymous_10)","line":28,"loc":{"start":{"line":28,"column":21},"end":{"line":28,"column":52}}},"11":{"name":"(anonymous_11)","line":32,"loc":{"start":{"line":32,"column":11},"end":{"line":32,"column":22}}},"12":{"name":"(anonymous_12)","line":38,"loc":{"start":{"line":38,"column":45},"end":{"line":38,"column":56}}},"13":{"name":"(anonymous_13)","line":45,"loc":{"start":{"line":45,"column":19},"end":{"line":45,"column":30}}},"14":{"name":"(anonymous_14)","line":46,"loc":{"start":{"line":46,"column":22},"end":{"line":46,"column":36}}},"15":{"name":"(anonymous_15)","line":47,"loc":{"start":{"line":47,"column":16},"end":{"line":47,"column":36}}},"16":{"name":"(anonymous_16)","line":48,"loc":{"start":{"line":48,"column":21},"end":{"line":48,"column":52}}},"17":{"name":"(anonymous_17)","line":58,"loc":{"start":{"line":58,"column":19},"end":{"line":58,"column":36}}},"18":{"name":"(anonymous_18)","line":59,"loc":{"start":{"line":59,"column":22},"end":{"line":59,"column":36}}},"19":{"name":"(anonymous_19)","line":60,"loc":{"start":{"line":60,"column":16},"end":{"line":60,"column":36}}},"20":{"name":"(anonymous_20)","line":61,"loc":{"start":{"line":61,"column":21},"end":{"line":61,"column":52}}},"21":{"name":"(anonymous_21)","line":65,"loc":{"start":{"line":65,"column":11},"end":{"line":65,"column":22}}},"22":{"name":"(anonymous_22)","line":71,"loc":{"start":{"line":71,"column":30},"end":{"line":71,"column":41}}},"23":{"name":"(anonymous_23)","line":78,"loc":{"start":{"line":78,"column":19},"end":{"line":78,"column":30}}},"24":{"name":"(anonymous_24)","line":79,"loc":{"start":{"line":79,"column":22},"end":{"line":79,"column":36}}},"25":{"name":"(anonymous_25)","line":80,"loc":{"start":{"line":80,"column":16},"end":{"line":80,"column":36}}},"26":{"name":"(anonymous_26)","line":81,"loc":{"start":{"line":81,"column":21},"end":{"line":81,"column":52}}},"27":{"name":"(anonymous_27)","line":98,"loc":{"start":{"line":98,"column":19},"end":{"line":98,"column":30}}},"28":{"name":"(anonymous_28)","line":99,"loc":{"start":{"line":99,"column":22},"end":{"line":99,"column":36}}},"29":{"name":"(anonymous_29)","line":100,"loc":{"start":{"line":100,"column":16},"end":{"line":100,"column":36}}},"30":{"name":"(anonymous_30)","line":101,"loc":{"start":{"line":101,"column":21},"end":{"line":101,"column":52}}},"31":{"name":"(anonymous_31)","line":112,"loc":{"start":{"line":112,"column":11},"end":{"line":112,"column":22}}},"32":{"name":"(anonymous_32)","line":118,"loc":{"start":{"line":118,"column":26},"end":{"line":118,"column":37}}},"33":{"name":"(anonymous_33)","line":125,"loc":{"start":{"line":125,"column":19},"end":{"line":125,"column":30}}},"34":{"name":"(anonymous_34)","line":126,"loc":{"start":{"line":126,"column":22},"end":{"line":126,"column":36}}},"35":{"name":"(anonymous_35)","line":127,"loc":{"start":{"line":127,"column":16},"end":{"line":127,"column":36}}},"36":{"name":"(anonymous_36)","line":128,"loc":{"start":{"line":128,"column":21},"end":{"line":128,"column":52}}},"37":{"name":"(anonymous_37)","line":146,"loc":{"start":{"line":146,"column":19},"end":{"line":146,"column":30}}},"38":{"name":"(anonymous_38)","line":147,"loc":{"start":{"line":147,"column":22},"end":{"line":147,"column":36}}},"39":{"name":"(anonymous_39)","line":148,"loc":{"start":{"line":148,"column":16},"end":{"line":148,"column":36}}},"40":{"name":"(anonymous_40)","line":149,"loc":{"start":{"line":149,"column":21},"end":{"line":149,"column":52}}}},"statementMap":{"1":{"start":{"line":2,"column":0},"end":{"line":2,"column":42}},"2":{"start":{"line":4,"column":0},"end":{"line":166,"column":3}},"3":{"start":{"line":5,"column":2},"end":{"line":36,"column":5}},"4":{"start":{"line":6,"column":4},"end":{"line":17,"column":6}},"5":{"start":{"line":19,"column":4},"end":{"line":30,"column":6}},"6":{"start":{"line":32,"column":4},"end":{"line":34,"column":21}},"7":{"start":{"line":33,"column":6},"end":{"line":33,"column":45}},"8":{"start":{"line":38,"column":2},"end":{"line":69,"column":5}},"9":{"start":{"line":39,"column":4},"end":{"line":50,"column":6}},"10":{"start":{"line":52,"column":4},"end":{"line":63,"column":6}},"11":{"start":{"line":65,"column":4},"end":{"line":67,"column":17}},"12":{"start":{"line":66,"column":6},"end":{"line":66,"column":45}},"13":{"start":{"line":71,"column":2},"end":{"line":116,"column":5}},"14":{"start":{"line":72,"column":4},"end":{"line":90,"column":6}},"15":{"start":{"line":92,"column":4},"end":{"line":110,"column":6}},"16":{"start":{"line":112,"column":4},"end":{"line":114,"column":21}},"17":{"start":{"line":113,"column":6},"end":{"line":113,"column":45}},"18":{"start":{"line":118,"column":2},"end":{"line":164,"column":5}},"19":{"start":{"line":119,"column":4},"end":{"line":138,"column":6}},"20":{"start":{"line":140,"column":4},"end":{"line":158,"column":6}},"21":{"start":{"line":160,"column":4},"end":{"line":160,"column":62}},"22":{"start":{"line":162,"column":4},"end":{"line":162,"column":66}}},"branchMap":{}},"D:\\Node\\param-signatures\\spec\\optionsSpec.js":{"path":"D:\\Node\\param-signatures\\spec\\optionsSpec.js","s":{"1":1,"2":1,"3":1,"4":1,"5":1,"6":1,"7":1,"8":1,"9":1,"10":1,"11":1,"12":1,"13":1,"14":1,"15":1,"16":1,"17":1,"18":1,"19":1,"20":1,"21":1,"22":1,"23":1,"24":1,"25":1,"26":1,"27":1},"b":{},"f":{"1":1,"2":1,"3":0,"4":0,"5":0,"6":0,"7":0,"8":0,"9":0,"10":0,"11":1,"12":1,"13":0,"14":0,"15":0,"16":0,"17":0,"18":0,"19":0,"20":0,"21":1,"22":1,"23":0,"24":0,"25":0,"26":0,"27":0,"28":0,"29":0,"30":0,"31":1},"fnMap":{"1":{"name":"(anonymous_1)","line":4,"loc":{"start":{"line":4,"column":41},"end":{"line":4,"column":52}}},"2":{"name":"(anonymous_2)","line":5,"loc":{"start":{"line":5,"column":22},"end":{"line":5,"column":33}}},"3":{"name":"(anonymous_3)","line":12,"loc":{"start":{"line":12,"column":17},"end":{"line":12,"column":29}}},"4":{"name":"(anonymous_4)","line":13,"loc":{"start":{"line":13,"column":17},"end":{"line":13,"column":31}}},"5":{"name":"(anonymous_5)","line":14,"loc":{"start":{"line":14,"column":16},"end":{"line":14,"column":42}}},"6":{"name":"(anonymous_6)","line":15,"loc":{"start":{"line":15,"column":18},"end":{"line":15,"column":56}}},"7":{"name":"(anonymous_7)","line":22,"loc":{"start":{"line":22,"column":17},"end":{"line":22,"column":28}}},"8":{"name":"(anonymous_8)","line":23,"loc":{"start":{"line":23,"column":17},"end":{"line":23,"column":31}}},"9":{"name":"(anonymous_9)","line":24,"loc":{"start":{"line":24,"column":16},"end":{"line":24,"column":42}}},"10":{"name":"(anonymous_10)","line":25,"loc":{"start":{"line":25,"column":18},"end":{"line":25,"column":56}}},"11":{"name":"(anonymous_11)","line":33,"loc":{"start":{"line":33,"column":11},"end":{"line":33,"column":22}}},"12":{"name":"(anonymous_12)","line":42,"loc":{"start":{"line":42,"column":37},"end":{"line":42,"column":47}}},"13":{"name":"(anonymous_13)","line":49,"loc":{"start":{"line":49,"column":17},"end":{"line":49,"column":29}}},"14":{"name":"(anonymous_14)","line":50,"loc":{"start":{"line":50,"column":17},"end":{"line":50,"column":31}}},"15":{"name":"(anonymous_15)","line":51,"loc":{"start":{"line":51,"column":16},"end":{"line":51,"column":42}}},"16":{"name":"(anonymous_16)","line":52,"loc":{"start":{"line":52,"column":18},"end":{"line":52,"column":56}}},"17":{"name":"(anonymous_17)","line":59,"loc":{"start":{"line":59,"column":17},"end":{"line":59,"column":28}}},"18":{"name":"(anonymous_18)","line":60,"loc":{"start":{"line":60,"column":17},"end":{"line":60,"column":31}}},"19":{"name":"(anonymous_19)","line":61,"loc":{"start":{"line":61,"column":16},"end":{"line":61,"column":42}}},"20":{"name":"(anonymous_20)","line":62,"loc":{"start":{"line":62,"column":18},"end":{"line":62,"column":56}}},"21":{"name":"(anonymous_21)","line":71,"loc":{"start":{"line":71,"column":11},"end":{"line":71,"column":22}}},"22":{"name":"(anonymous_22)","line":78,"loc":{"start":{"line":78,"column":40},"end":{"line":78,"column":51}}},"23":{"name":"(anonymous_23)","line":85,"loc":{"start":{"line":85,"column":17},"end":{"line":85,"column":29}}},"24":{"name":"(anonymous_24)","line":86,"loc":{"start":{"line":86,"column":17},"end":{"line":86,"column":31}}},"25":{"name":"(anonymous_25)","line":87,"loc":{"start":{"line":87,"column":16},"end":{"line":87,"column":42}}},"26":{"name":"(anonymous_26)","line":88,"loc":{"start":{"line":88,"column":18},"end":{"line":88,"column":56}}},"27":{"name":"(anonymous_27)","line":95,"loc":{"start":{"line":95,"column":17},"end":{"line":95,"column":28}}},"28":{"name":"(anonymous_28)","line":96,"loc":{"start":{"line":96,"column":17},"end":{"line":96,"column":31}}},"29":{"name":"(anonymous_29)","line":97,"loc":{"start":{"line":97,"column":16},"end":{"line":97,"column":42}}},"30":{"name":"(anonymous_30)","line":98,"loc":{"start":{"line":98,"column":18},"end":{"line":98,"column":56}}},"31":{"name":"(anonymous_31)","line":107,"loc":{"start":{"line":107,"column":11},"end":{"line":107,"column":22}}}},"statementMap":{"1":{"start":{"line":2,"column":0},"end":{"line":2,"column":42}},"2":{"start":{"line":4,"column":0},"end":{"line":116,"column":3}},"3":{"start":{"line":5,"column":2},"end":{"line":40,"column":5}},"4":{"start":{"line":6,"column":4},"end":{"line":6,"column":26}},"5":{"start":{"line":8,"column":4},"end":{"line":16,"column":6}},"6":{"start":{"line":18,"column":4},"end":{"line":26,"column":6}},"7":{"start":{"line":28,"column":4},"end":{"line":31,"column":6}},"8":{"start":{"line":33,"column":4},"end":{"line":35,"column":21}},"9":{"start":{"line":34,"column":6},"end":{"line":34,"column":54}},"10":{"start":{"line":37,"column":4},"end":{"line":37,"column":43}},"11":{"start":{"line":42,"column":2},"end":{"line":76,"column":5}},"12":{"start":{"line":43,"column":4},"end":{"line":43,"column":44}},"13":{"start":{"line":45,"column":4},"end":{"line":53,"column":6}},"14":{"start":{"line":55,"column":4},"end":{"line":63,"column":6}},"15":{"start":{"line":66,"column":4},"end":{"line":68,"column":6}},"16":{"start":{"line":71,"column":4},"end":{"line":73,"column":21}},"17":{"start":{"line":72,"column":6},"end":{"line":72,"column":54}},"18":{"start":{"line":75,"column":4},"end":{"line":75,"column":47}},"19":{"start":{"line":78,"column":2},"end":{"line":114,"column":5}},"20":{"start":{"line":79,"column":4},"end":{"line":79,"column":44}},"21":{"start":{"line":81,"column":4},"end":{"line":89,"column":6}},"22":{"start":{"line":91,"column":4},"end":{"line":99,"column":6}},"23":{"start":{"line":102,"column":4},"end":{"line":104,"column":6}},"24":{"start":{"line":107,"column":4},"end":{"line":109,"column":21}},"25":{"start":{"line":108,"column":6},"end":{"line":108,"column":54}},"26":{"start":{"line":111,"column":4},"end":{"line":111,"column":43}},"27":{"start":{"line":113,"column":4},"end":{"line":113,"column":47}}},"branchMap":{}},"D:\\Node\\param-signatures\\spec\\singleTypesSpec.js":{"path":"D:\\Node\\param-signatures\\spec\\singleTypesSpec.js","s":{"1":1,"2":1,"3":1,"4":1,"5":1,"6":1,"7":1,"8":1,"9":1,"10":1,"11":1,"12":1,"13":1,"14":1,"15":1,"16":1,"17":1,"18":1,"19":1,"20":1,"21":1,"22":1,"23":1,"24":1,"25":1,"26":1,"27":1,"28":1,"29":1,"30":1,"31":1,"32":1,"33":1,"34":1,"35":1,"36":1,"37":1,"38":1,"39":1,"40":1,"41":1,"42":1,"43":1,"44":1,"45":1,"46":1,"47":0,"48":1,"49":1,"50":1,"51":1,"52":1,"53":1,"54":1,"55":1,"56":1,"57":1,"58":1,"59":1,"60":1,"61":1,"62":1,"63":1,"64":1,"65":1},"b":{},"f":{"1":1,"2":1,"3":1,"4":1,"5":1,"6":1,"7":1,"8":1,"9":1,"10":1,"11":1,"12":1,"13":1,"14":1,"15":1,"16":1,"17":1,"18":1,"19":1,"20":0,"21":0,"22":1,"23":1,"24":0,"25":1,"26":1,"27":1,"28":1},"fnMap":{"1":{"name":"(anonymous_1)","line":4,"loc":{"start":{"line":4,"column":38},"end":{"line":4,"column":49}}},"2":{"name":"(anonymous_2)","line":5,"loc":{"start":{"line":5,"column":25},"end":{"line":5,"column":36}}},"3":{"name":"(anonymous_3)","line":6,"loc":{"start":{"line":6,"column":19},"end":{"line":6,"column":30}}},"4":{"name":"(anonymous_4)","line":10,"loc":{"start":{"line":10,"column":13},"end":{"line":10,"column":24}}},"5":{"name":"(anonymous_5)","line":15,"loc":{"start":{"line":15,"column":28},"end":{"line":15,"column":39}}},"6":{"name":"(anonymous_6)","line":19,"loc":{"start":{"line":19,"column":13},"end":{"line":19,"column":24}}},"7":{"name":"(anonymous_7)","line":24,"loc":{"start":{"line":24,"column":18},"end":{"line":24,"column":29}}},"8":{"name":"(anonymous_8)","line":28,"loc":{"start":{"line":28,"column":13},"end":{"line":28,"column":24}}},"9":{"name":"(anonymous_9)","line":33,"loc":{"start":{"line":33,"column":27},"end":{"line":33,"column":38}}},"10":{"name":"(anonymous_10)","line":37,"loc":{"start":{"line":37,"column":13},"end":{"line":37,"column":24}}},"11":{"name":"(anonymous_11)","line":42,"loc":{"start":{"line":42,"column":18},"end":{"line":42,"column":29}}},"12":{"name":"(anonymous_12)","line":46,"loc":{"start":{"line":46,"column":13},"end":{"line":46,"column":24}}},"13":{"name":"(anonymous_13)","line":51,"loc":{"start":{"line":51,"column":27},"end":{"line":51,"column":38}}},"14":{"name":"(anonymous_14)","line":55,"loc":{"start":{"line":55,"column":13},"end":{"line":55,"column":24}}},"15":{"name":"(anonymous_15)","line":61,"loc":{"start":{"line":61,"column":16},"end":{"line":61,"column":27}}},"16":{"name":"(anonymous_16)","line":65,"loc":{"start":{"line":65,"column":13},"end":{"line":65,"column":24}}},"17":{"name":"(anonymous_17)","line":70,"loc":{"start":{"line":70,"column":25},"end":{"line":70,"column":36}}},"18":{"name":"(anonymous_18)","line":74,"loc":{"start":{"line":74,"column":13},"end":{"line":74,"column":24}}},"19":{"name":"(anonymous_19)","line":80,"loc":{"start":{"line":80,"column":20},"end":{"line":80,"column":31}}},"20":{"name":"(anonymous_20)","line":81,"loc":{"start":{"line":81,"column":16},"end":{"line":81,"column":27}}},"21":{"name":"(anonymous_21)","line":82,"loc":{"start":{"line":82,"column":16},"end":{"line":82,"column":27}}},"22":{"name":"(anonymous_22)","line":86,"loc":{"start":{"line":86,"column":13},"end":{"line":86,"column":24}}},"23":{"name":"(anonymous_23)","line":91,"loc":{"start":{"line":91,"column":29},"end":{"line":91,"column":40}}},"24":{"name":"(anonymous_24)","line":92,"loc":{"start":{"line":92,"column":16},"end":{"line":92,"column":27}}},"25":{"name":"(anonymous_25)","line":95,"loc":{"start":{"line":95,"column":13},"end":{"line":95,"column":24}}},"26":{"name":"(anonymous_26)","line":102,"loc":{"start":{"line":102,"column":23},"end":{"line":102,"column":34}}},"27":{"name":"(anonymous_27)","line":103,"loc":{"start":{"line":103,"column":20},"end":{"line":103,"column":31}}},"28":{"name":"(anonymous_28)","line":112,"loc":{"start":{"line":112,"column":19},"end":{"line":112,"column":30}}}},"statementMap":{"1":{"start":{"line":2,"column":0},"end":{"line":2,"column":42}},"2":{"start":{"line":4,"column":0},"end":{"line":122,"column":3}},"3":{"start":{"line":5,"column":2},"end":{"line":100,"column":5}},"4":{"start":{"line":6,"column":4},"end":{"line":13,"column":7}},"5":{"start":{"line":7,"column":6},"end":{"line":7,"column":22}},"6":{"start":{"line":8,"column":6},"end":{"line":8,"column":21}},"7":{"start":{"line":10,"column":6},"end":{"line":12,"column":23}},"8":{"start":{"line":11,"column":8},"end":{"line":11,"column":38}},"9":{"start":{"line":15,"column":4},"end":{"line":22,"column":7}},"10":{"start":{"line":16,"column":6},"end":{"line":16,"column":22}},"11":{"start":{"line":17,"column":6},"end":{"line":17,"column":19}},"12":{"start":{"line":19,"column":6},"end":{"line":21,"column":19}},"13":{"start":{"line":20,"column":8},"end":{"line":20,"column":38}},"14":{"start":{"line":24,"column":4},"end":{"line":31,"column":7}},"15":{"start":{"line":25,"column":6},"end":{"line":25,"column":20}},"16":{"start":{"line":26,"column":6},"end":{"line":26,"column":21}},"17":{"start":{"line":28,"column":6},"end":{"line":30,"column":23}},"18":{"start":{"line":29,"column":8},"end":{"line":29,"column":38}},"19":{"start":{"line":33,"column":4},"end":{"line":40,"column":7}},"20":{"start":{"line":34,"column":6},"end":{"line":34,"column":20}},"21":{"start":{"line":35,"column":6},"end":{"line":35,"column":21}},"22":{"start":{"line":37,"column":6},"end":{"line":39,"column":19}},"23":{"start":{"line":38,"column":8},"end":{"line":38,"column":38}},"24":{"start":{"line":42,"column":4},"end":{"line":49,"column":7}},"25":{"start":{"line":43,"column":6},"end":{"line":43,"column":19}},"26":{"start":{"line":44,"column":6},"end":{"line":44,"column":41}},"27":{"start":{"line":46,"column":6},"end":{"line":48,"column":23}},"28":{"start":{"line":47,"column":8},"end":{"line":47,"column":38}},"29":{"start":{"line":51,"column":4},"end":{"line":58,"column":7}},"30":{"start":{"line":52,"column":6},"end":{"line":52,"column":19}},"31":{"start":{"line":53,"column":6},"end":{"line":53,"column":24}},"32":{"start":{"line":55,"column":6},"end":{"line":57,"column":19}},"33":{"start":{"line":56,"column":8},"end":{"line":56,"column":38}},"34":{"start":{"line":61,"column":4},"end":{"line":68,"column":7}},"35":{"start":{"line":62,"column":6},"end":{"line":62,"column":27}},"36":{"start":{"line":63,"column":6},"end":{"line":63,"column":37}},"37":{"start":{"line":65,"column":6},"end":{"line":67,"column":23}},"38":{"start":{"line":66,"column":8},"end":{"line":66,"column":38}},"39":{"start":{"line":70,"column":4},"end":{"line":77,"column":7}},"40":{"start":{"line":71,"column":6},"end":{"line":71,"column":27}},"41":{"start":{"line":72,"column":6},"end":{"line":72,"column":39}},"42":{"start":{"line":74,"column":6},"end":{"line":76,"column":19}},"43":{"start":{"line":75,"column":8},"end":{"line":75,"column":38}},"44":{"start":{"line":80,"column":4},"end":{"line":89,"column":7}},"45":{"start":{"line":81,"column":6},"end":{"line":81,"column":30}},"46":{"start":{"line":82,"column":6},"end":{"line":84,"column":8}},"47":{"start":{"line":83,"column":8},"end":{"line":83,"column":31}},"48":{"start":{"line":86,"column":6},"end":{"line":88,"column":23}},"49":{"start":{"line":87,"column":8},"end":{"line":87,"column":38}},"50":{"start":{"line":91,"column":4},"end":{"line":98,"column":7}},"51":{"start":{"line":92,"column":6},"end":{"line":92,"column":30}},"52":{"start":{"line":93,"column":6},"end":{"line":93,"column":39}},"53":{"start":{"line":95,"column":6},"end":{"line":97,"column":19}},"54":{"start":{"line":96,"column":8},"end":{"line":96,"column":38}},"55":{"start":{"line":102,"column":2},"end":{"line":120,"column":5}},"56":{"start":{"line":103,"column":4},"end":{"line":110,"column":7}},"57":{"start":{"line":104,"column":6},"end":{"line":104,"column":27}},"58":{"start":{"line":105,"column":6},"end":{"line":105,"column":26}},"59":{"start":{"line":107,"column":6},"end":{"line":107,"column":65}},"60":{"start":{"line":108,"column":6},"end":{"line":108,"column":32}},"61":{"start":{"line":112,"column":4},"end":{"line":119,"column":7}},"62":{"start":{"line":113,"column":6},"end":{"line":113,"column":30}},"63":{"start":{"line":114,"column":6},"end":{"line":114,"column":25}},"64":{"start":{"line":116,"column":6},"end":{"line":116,"column":65}},"65":{"start":{"line":117,"column":6},"end":{"line":117,"column":35}}},"branchMap":{}},"D:\\Node\\param-signatures\\spec\\tryValidateSpec.js":{"path":"D:\\Node\\param-signatures\\spec\\tryValidateSpec.js","s":{"1":1,"2":1,"3":1,"4":1,"5":1,"6":1,"7":1,"8":1,"9":1,"10":1,"11":1,"12":1,"13":1,"14":1,"15":1,"16":1,"17":1,"18":1,"19":1,"20":1,"21":1,"22":1,"23":1,"24":1,"25":1,"26":1,"27":1,"28":1,"29":1,"30":1,"31":1,"32":1,"33":1,"34":1,"35":1,"36":1,"37":1,"38":1,"39":1,"40":1,"41":1,"42":1,"43":1,"44":1,"45":1,"46":1,"47":1,"48":1,"49":1,"50":1,"51":1,"52":1,"53":1,"54":1,"55":1,"56":1,"57":1,"58":1,"59":1,"60":1,"61":1,"62":1,"63":1},"b":{},"f":{"1":1,"2":1,"3":1,"4":1,"5":1,"6":1,"7":1,"8":1,"9":1,"10":1,"11":1,"12":1,"13":0,"14":0,"15":1,"16":0,"17":0,"18":1,"19":0,"20":0,"21":1,"22":0,"23":0,"24":1,"25":1,"26":0,"27":0,"28":1,"29":0,"30":0,"31":1},"fnMap":{"1":{"name":"(anonymous_1)","line":5,"loc":{"start":{"line":5,"column":63},"end":{"line":5,"column":74}}},"2":{"name":"(anonymous_2)","line":6,"loc":{"start":{"line":6,"column":14},"end":{"line":6,"column":25}}},"3":{"name":"(anonymous_3)","line":15,"loc":{"start":{"line":15,"column":11},"end":{"line":15,"column":21}}},"4":{"name":"(anonymous_4)","line":20,"loc":{"start":{"line":20,"column":19},"end":{"line":20,"column":29}}},"5":{"name":"(anonymous_5)","line":29,"loc":{"start":{"line":29,"column":11},"end":{"line":29,"column":21}}},"6":{"name":"(anonymous_6)","line":34,"loc":{"start":{"line":34,"column":17},"end":{"line":34,"column":27}}},"7":{"name":"(anonymous_7)","line":47,"loc":{"start":{"line":47,"column":16},"end":{"line":47,"column":26}}},"8":{"name":"(anonymous_8)","line":60,"loc":{"start":{"line":60,"column":24},"end":{"line":60,"column":34}}},"9":{"name":"(anonymous_9)","line":75,"loc":{"start":{"line":75,"column":16},"end":{"line":75,"column":26}}},"10":{"name":"(anonymous_10)","line":88,"loc":{"start":{"line":88,"column":15},"end":{"line":88,"column":26}}},"11":{"name":"(anonymous_11)","line":102,"loc":{"start":{"line":102,"column":24},"end":{"line":102,"column":35}}},"12":{"name":"(anonymous_12)","line":103,"loc":{"start":{"line":103,"column":22},"end":{"line":103,"column":33}}},"13":{"name":"(anonymous_13)","line":105,"loc":{"start":{"line":105,"column":18},"end":{"line":105,"column":30}}},"14":{"name":"(anonymous_14)","line":109,"loc":{"start":{"line":109,"column":18},"end":{"line":109,"column":29}}},"15":{"name":"(anonymous_15)","line":117,"loc":{"start":{"line":117,"column":22},"end":{"line":117,"column":33}}},"16":{"name":"(anonymous_16)","line":119,"loc":{"start":{"line":119,"column":18},"end":{"line":119,"column":35}}},"17":{"name":"(anonymous_17)","line":123,"loc":{"start":{"line":123,"column":18},"end":{"line":123,"column":33}}},"18":{"name":"(anonymous_18)","line":131,"loc":{"start":{"line":131,"column":22},"end":{"line":131,"column":33}}},"19":{"name":"(anonymous_19)","line":133,"loc":{"start":{"line":133,"column":18},"end":{"line":133,"column":44}}},"20":{"name":"(anonymous_20)","line":137,"loc":{"start":{"line":137,"column":18},"end":{"line":137,"column":43}}},"21":{"name":"(anonymous_21)","line":145,"loc":{"start":{"line":145,"column":22},"end":{"line":145,"column":33}}},"22":{"name":"(anonymous_22)","line":147,"loc":{"start":{"line":147,"column":18},"end":{"line":147,"column":53}}},"23":{"name":"(anonymous_23)","line":151,"loc":{"start":{"line":151,"column":18},"end":{"line":151,"column":52}}},"24":{"name":"(anonymous_24)","line":156,"loc":{"start":{"line":156,"column":13},"end":{"line":156,"column":23}}},"25":{"name":"(anonymous_25)","line":162,"loc":{"start":{"line":162,"column":22},"end":{"line":162,"column":33}}},"26":{"name":"(anonymous_26)","line":164,"loc":{"start":{"line":164,"column":18},"end":{"line":164,"column":65}}},"27":{"name":"(anonymous_27)","line":168,"loc":{"start":{"line":168,"column":18},"end":{"line":168,"column":64}}},"28":{"name":"(anonymous_28)","line":174,"loc":{"start":{"line":174,"column":29},"end":{"line":174,"column":40}}},"29":{"name":"(anonymous_29)","line":176,"loc":{"start":{"line":176,"column":18},"end":{"line":176,"column":65}}},"30":{"name":"(anonymous_30)","line":180,"loc":{"start":{"line":180,"column":18},"end":{"line":180,"column":29}}},"31":{"name":"(anonymous_31)","line":189,"loc":{"start":{"line":189,"column":14},"end":{"line":189,"column":25}}}},"statementMap":{"1":{"start":{"line":3,"column":0},"end":{"line":3,"column":42}},"2":{"start":{"line":5,"column":0},"end":{"line":207,"column":3}},"3":{"start":{"line":6,"column":2},"end":{"line":18,"column":5}},"4":{"start":{"line":7,"column":4},"end":{"line":9,"column":6}},"5":{"start":{"line":11,"column":4},"end":{"line":13,"column":6}},"6":{"start":{"line":15,"column":4},"end":{"line":17,"column":21}},"7":{"start":{"line":16,"column":6},"end":{"line":16,"column":36}},"8":{"start":{"line":20,"column":2},"end":{"line":32,"column":5}},"9":{"start":{"line":21,"column":4},"end":{"line":23,"column":6}},"10":{"start":{"line":25,"column":4},"end":{"line":27,"column":6}},"11":{"start":{"line":29,"column":4},"end":{"line":31,"column":21}},"12":{"start":{"line":30,"column":6},"end":{"line":30,"column":36}},"13":{"start":{"line":34,"column":2},"end":{"line":45,"column":5}},"14":{"start":{"line":35,"column":4},"end":{"line":37,"column":6}},"15":{"start":{"line":39,"column":4},"end":{"line":41,"column":6}},"16":{"start":{"line":43,"column":4},"end":{"line":43,"column":56}},"17":{"start":{"line":47,"column":2},"end":{"line":58,"column":5}},"18":{"start":{"line":48,"column":4},"end":{"line":50,"column":6}},"19":{"start":{"line":52,"column":4},"end":{"line":54,"column":6}},"20":{"start":{"line":56,"column":4},"end":{"line":56,"column":56}},"21":{"start":{"line":60,"column":2},"end":{"line":73,"column":5}},"22":{"start":{"line":63,"column":4},"end":{"line":65,"column":6}},"23":{"start":{"line":67,"column":4},"end":{"line":69,"column":6}},"24":{"start":{"line":71,"column":4},"end":{"line":71,"column":56}},"25":{"start":{"line":75,"column":2},"end":{"line":86,"column":5}},"26":{"start":{"line":76,"column":4},"end":{"line":78,"column":6}},"27":{"start":{"line":80,"column":4},"end":{"line":82,"column":6}},"28":{"start":{"line":84,"column":4},"end":{"line":84,"column":56}},"29":{"start":{"line":88,"column":2},"end":{"line":100,"column":5}},"30":{"start":{"line":89,"column":4},"end":{"line":91,"column":6}},"31":{"start":{"line":93,"column":4},"end":{"line":95,"column":6}},"32":{"start":{"line":97,"column":4},"end":{"line":97,"column":56}},"33":{"start":{"line":102,"column":2},"end":{"line":186,"column":5}},"34":{"start":{"line":103,"column":4},"end":{"line":115,"column":7}},"35":{"start":{"line":104,"column":6},"end":{"line":106,"column":8}},"36":{"start":{"line":108,"column":6},"end":{"line":110,"column":8}},"37":{"start":{"line":112,"column":6},"end":{"line":112,"column":58}},"38":{"start":{"line":117,"column":4},"end":{"line":129,"column":7}},"39":{"start":{"line":118,"column":6},"end":{"line":120,"column":8}},"40":{"start":{"line":122,"column":6},"end":{"line":124,"column":8}},"41":{"start":{"line":126,"column":6},"end":{"line":126,"column":58}},"42":{"start":{"line":131,"column":4},"end":{"line":143,"column":7}},"43":{"start":{"line":132,"column":6},"end":{"line":134,"column":8}},"44":{"start":{"line":136,"column":6},"end":{"line":138,"column":8}},"45":{"start":{"line":140,"column":6},"end":{"line":140,"column":58}},"46":{"start":{"line":145,"column":4},"end":{"line":160,"column":7}},"47":{"start":{"line":146,"column":6},"end":{"line":148,"column":8}},"48":{"start":{"line":150,"column":6},"end":{"line":152,"column":8}},"49":{"start":{"line":154,"column":6},"end":{"line":154,"column":58}},"50":{"start":{"line":156,"column":6},"end":{"line":158,"column":23}},"51":{"start":{"line":157,"column":8},"end":{"line":157,"column":38}},"52":{"start":{"line":162,"column":4},"end":{"line":172,"column":7}},"53":{"start":{"line":163,"column":6},"end":{"line":165,"column":8}},"54":{"start":{"line":167,"column":6},"end":{"line":169,"column":8}},"55":{"start":{"line":171,"column":6},"end":{"line":171,"column":58}},"56":{"start":{"line":174,"column":4},"end":{"line":184,"column":7}},"57":{"start":{"line":175,"column":6},"end":{"line":177,"column":8}},"58":{"start":{"line":179,"column":6},"end":{"line":181,"column":8}},"59":{"start":{"line":183,"column":6},"end":{"line":183,"column":59}},"60":{"start":{"line":189,"column":2},"end":{"line":205,"column":5}},"61":{"start":{"line":190,"column":4},"end":{"line":192,"column":6}},"62":{"start":{"line":200,"column":4},"end":{"line":202,"column":6}},"63":{"start":{"line":204,"column":4},"end":{"line":204,"column":56}}},"branchMap":{}},"D:\\Node\\param-signatures\\spec\\typeCodeSpec.js":{"path":"D:\\Node\\param-signatures\\spec\\typeCodeSpec.js","s":{"1":1,"2":1,"3":1,"4":1,"5":1,"6":1,"7":1,"8":1,"9":1,"10":1,"11":1,"12":1,"13":1,"14":1,"15":1,"16":1,"17":1,"18":1,"19":1,"20":1,"21":1,"22":1,"23":1,"24":1,"25":1,"26":1,"27":1,"28":1,"29":1,"30":1,"31":1,"32":1,"33":1,"34":1,"35":1,"36":1,"37":1,"38":1,"39":1,"40":1,"41":1,"42":1,"43":1,"44":1,"45":1,"46":1,"47":1,"48":1,"49":1,"50":1,"51":1,"52":1,"53":1,"54":1,"55":1,"56":1,"57":1,"58":1,"59":1,"60":1,"61":1,"62":1,"63":1,"64":1,"65":1,"66":1,"67":1,"68":1,"69":1,"70":1,"71":1,"72":1,"73":1,"74":1,"75":1},"b":{},"f":{"1":0,"2":1,"3":1,"4":1,"5":1,"6":1,"7":1,"8":1,"9":1,"10":1,"11":1,"12":0,"13":1,"14":1,"15":1,"16":1,"17":1,"18":1,"19":1,"20":1,"21":0,"22":1,"23":1},"fnMap":{"1":{"name":"testOne","line":4,"loc":{"start":{"line":4,"column":0},"end":{"line":4,"column":24}}},"2":{"name":"(anonymous_2)","line":8,"loc":{"start":{"line":8,"column":69},"end":{"line":8,"column":80}}},"3":{"name":"(anonymous_3)","line":10,"loc":{"start":{"line":10,"column":25},"end":{"line":10,"column":36}}},"4":{"name":"(anonymous_4)","line":11,"loc":{"start":{"line":11,"column":16},"end":{"line":11,"column":27}}},"5":{"name":"(anonymous_5)","line":16,"loc":{"start":{"line":16,"column":21},"end":{"line":16,"column":32}}},"6":{"name":"(anonymous_6)","line":22,"loc":{"start":{"line":22,"column":18},"end":{"line":22,"column":29}}},"7":{"name":"(anonymous_7)","line":30,"loc":{"start":{"line":30,"column":18},"end":{"line":30,"column":29}}},"8":{"name":"(anonymous_8)","line":38,"loc":{"start":{"line":38,"column":19},"end":{"line":38,"column":30}}},"9":{"name":"(anonymous_9)","line":46,"loc":{"start":{"line":46,"column":17},"end":{"line":46,"column":28}}},"10":{"name":"(anonymous_10)","line":54,"loc":{"start":{"line":54,"column":16},"end":{"line":54,"column":27}}},"11":{"name":"(anonymous_11)","line":59,"loc":{"start":{"line":59,"column":20},"end":{"line":59,"column":31}}},"12":{"name":"(anonymous_12)","line":63,"loc":{"start":{"line":63,"column":40},"end":{"line":63,"column":52}}},"13":{"name":"(anonymous_13)","line":68,"loc":{"start":{"line":68,"column":27},"end":{"line":68,"column":38}}},"14":{"name":"(anonymous_14)","line":69,"loc":{"start":{"line":69,"column":23},"end":{"line":69,"column":34}}},"15":{"name":"(anonymous_15)","line":74,"loc":{"start":{"line":74,"column":28},"end":{"line":74,"column":39}}},"16":{"name":"(anonymous_16)","line":80,"loc":{"start":{"line":80,"column":25},"end":{"line":80,"column":36}}},"17":{"name":"(anonymous_17)","line":86,"loc":{"start":{"line":86,"column":24},"end":{"line":86,"column":35}}},"18":{"name":"(anonymous_18)","line":92,"loc":{"start":{"line":92,"column":26},"end":{"line":92,"column":37}}},"19":{"name":"(anonymous_19)","line":98,"loc":{"start":{"line":98,"column":23},"end":{"line":98,"column":34}}},"20":{"name":"(anonymous_20)","line":105,"loc":{"start":{"line":105,"column":27},"end":{"line":105,"column":38}}},"21":{"name":"(anonymous_21)","line":106,"loc":{"start":{"line":106,"column":20},"end":{"line":106,"column":31}}},"22":{"name":"(anonymous_22)","line":111,"loc":{"start":{"line":111,"column":25},"end":{"line":111,"column":36}}},"23":{"name":"(anonymous_23)","line":117,"loc":{"start":{"line":117,"column":25},"end":{"line":117,"column":36}}}},"statementMap":{"1":{"start":{"line":2,"column":0},"end":{"line":2,"column":42}},"2":{"start":{"line":4,"column":0},"end":{"line":6,"column":1}},"3":{"start":{"line":8,"column":0},"end":{"line":123,"column":3}},"4":{"start":{"line":10,"column":2},"end":{"line":66,"column":5}},"5":{"start":{"line":11,"column":4},"end":{"line":14,"column":7}},"6":{"start":{"line":12,"column":6},"end":{"line":12,"column":46}},"7":{"start":{"line":13,"column":6},"end":{"line":13,"column":51}},"8":{"start":{"line":16,"column":4},"end":{"line":20,"column":7}},"9":{"start":{"line":17,"column":6},"end":{"line":17,"column":16}},"10":{"start":{"line":18,"column":6},"end":{"line":18,"column":47}},"11":{"start":{"line":19,"column":6},"end":{"line":19,"column":56}},"12":{"start":{"line":22,"column":4},"end":{"line":28,"column":7}},"13":{"start":{"line":23,"column":6},"end":{"line":23,"column":44}},"14":{"start":{"line":24,"column":6},"end":{"line":24,"column":53}},"15":{"start":{"line":26,"column":6},"end":{"line":26,"column":76}},"16":{"start":{"line":27,"column":6},"end":{"line":27,"column":53}},"17":{"start":{"line":30,"column":4},"end":{"line":36,"column":7}},"18":{"start":{"line":31,"column":6},"end":{"line":31,"column":44}},"19":{"start":{"line":32,"column":6},"end":{"line":32,"column":53}},"20":{"start":{"line":34,"column":6},"end":{"line":34,"column":50}},"21":{"start":{"line":35,"column":6},"end":{"line":35,"column":53}},"22":{"start":{"line":38,"column":4},"end":{"line":44,"column":7}},"23":{"start":{"line":39,"column":6},"end":{"line":39,"column":46}},"24":{"start":{"line":40,"column":6},"end":{"line":40,"column":54}},"25":{"start":{"line":42,"column":6},"end":{"line":42,"column":47}},"26":{"start":{"line":43,"column":6},"end":{"line":43,"column":54}},"27":{"start":{"line":46,"column":4},"end":{"line":52,"column":7}},"28":{"start":{"line":47,"column":6},"end":{"line":47,"column":44}},"29":{"start":{"line":48,"column":6},"end":{"line":48,"column":52}},"30":{"start":{"line":50,"column":6},"end":{"line":50,"column":61}},"31":{"start":{"line":51,"column":6},"end":{"line":51,"column":52}},"32":{"start":{"line":54,"column":4},"end":{"line":57,"column":7}},"33":{"start":{"line":55,"column":6},"end":{"line":55,"column":62}},"34":{"start":{"line":56,"column":6},"end":{"line":56,"column":51}},"35":{"start":{"line":59,"column":4},"end":{"line":65,"column":7}},"36":{"start":{"line":60,"column":6},"end":{"line":60,"column":49}},"37":{"start":{"line":61,"column":6},"end":{"line":61,"column":55}},"38":{"start":{"line":63,"column":6},"end":{"line":63,"column":56}},"39":{"start":{"line":64,"column":6},"end":{"line":64,"column":55}},"40":{"start":{"line":68,"column":2},"end":{"line":122,"column":5}},"41":{"start":{"line":69,"column":4},"end":{"line":72,"column":7}},"42":{"start":{"line":70,"column":6},"end":{"line":70,"column":81}},"43":{"start":{"line":71,"column":6},"end":{"line":71,"column":38}},"44":{"start":{"line":74,"column":4},"end":{"line":78,"column":7}},"45":{"start":{"line":75,"column":6},"end":{"line":75,"column":20}},"46":{"start":{"line":76,"column":6},"end":{"line":76,"column":86}},"47":{"start":{"line":77,"column":6},"end":{"line":77,"column":43}},"48":{"start":{"line":80,"column":4},"end":{"line":84,"column":7}},"49":{"start":{"line":81,"column":6},"end":{"line":81,"column":23}},"50":{"start":{"line":82,"column":6},"end":{"line":82,"column":84}},"51":{"start":{"line":83,"column":6},"end":{"line":83,"column":40}},"52":{"start":{"line":86,"column":4},"end":{"line":90,"column":7}},"53":{"start":{"line":87,"column":6},"end":{"line":87,"column":33}},"54":{"start":{"line":88,"column":6},"end":{"line":88,"column":86}},"55":{"start":{"line":89,"column":6},"end":{"line":89,"column":39}},"56":{"start":{"line":92,"column":4},"end":{"line":96,"column":7}},"57":{"start":{"line":93,"column":6},"end":{"line":93,"column":27}},"58":{"start":{"line":94,"column":6},"end":{"line":94,"column":85}},"59":{"start":{"line":95,"column":6},"end":{"line":95,"column":41}},"60":{"start":{"line":98,"column":4},"end":{"line":102,"column":7}},"61":{"start":{"line":99,"column":6},"end":{"line":99,"column":42}},"62":{"start":{"line":100,"column":6},"end":{"line":100,"column":85}},"63":{"start":{"line":101,"column":6},"end":{"line":101,"column":38}},"64":{"start":{"line":105,"column":4},"end":{"line":109,"column":7}},"65":{"start":{"line":106,"column":6},"end":{"line":106,"column":34}},"66":{"start":{"line":107,"column":6},"end":{"line":107,"column":84}},"67":{"start":{"line":108,"column":6},"end":{"line":108,"column":42}},"68":{"start":{"line":111,"column":4},"end":{"line":115,"column":7}},"69":{"start":{"line":112,"column":6},"end":{"line":112,"column":71}},"70":{"start":{"line":113,"column":6},"end":{"line":113,"column":84}},"71":{"start":{"line":114,"column":6},"end":{"line":114,"column":40}},"72":{"start":{"line":117,"column":4},"end":{"line":121,"column":7}},"73":{"start":{"line":118,"column":6},"end":{"line":118,"column":25}},"74":{"start":{"line":119,"column":6},"end":{"line":119,"column":86}},"75":{"start":{"line":120,"column":6},"end":{"line":120,"column":40}}},"branchMap":{}},"D:\\Node\\param-signatures\\spec\\typesSpec.js":{"path":"D:\\Node\\param-signatures\\spec\\typesSpec.js","s":{"1":1,"2":1,"3":1,"4":1,"5":1,"6":1,"7":1,"8":1,"9":1,"10":1,"11":1,"12":1,"13":1,"14":1,"15":1,"16":1,"17":1,"18":1,"19":1,"20":1,"21":1,"22":1,"23":1,"24":1,"25":1,"26":1,"27":1,"28":1,"29":1,"30":1,"31":1,"32":1,"33":1,"34":1,"35":1,"36":1,"37":1,"38":1,"39":1,"40":1,"41":1,"42":1,"43":1,"44":1,"45":1,"46":1,"47":1,"48":1,"49":1,"50":1,"51":1,"52":1,"53":1,"54":1,"55":1,"56":1,"57":1,"58":1,"59":1,"60":1,"61":1,"62":1,"63":1,"64":1,"65":1,"66":1,"67":1,"68":1,"69":1,"70":1,"71":1,"72":1,"73":1},"b":{},"f":{"1":1,"2":1,"3":1,"4":1,"5":1,"6":1,"7":1,"8":1,"9":1,"10":1,"11":1,"12":1,"13":1,"14":1,"15":1,"16":1,"17":1,"18":0,"19":0,"20":1,"21":1,"22":0,"23":0,"24":1,"25":1,"26":0,"27":0,"28":1,"29":1,"30":0,"31":0,"32":1,"33":1,"34":0,"35":0,"36":1,"37":1,"38":0,"39":0,"40":1,"41":1,"42":1},"fnMap":{"1":{"name":"(anonymous_1)","line":4,"loc":{"start":{"line":4,"column":59},"end":{"line":4,"column":70}}},"2":{"name":"(anonymous_2)","line":5,"loc":{"start":{"line":5,"column":14},"end":{"line":5,"column":25}}},"3":{"name":"(anonymous_3)","line":14,"loc":{"start":{"line":14,"column":11},"end":{"line":14,"column":21}}},"4":{"name":"(anonymous_4)","line":19,"loc":{"start":{"line":19,"column":19},"end":{"line":19,"column":29}}},"5":{"name":"(anonymous_5)","line":28,"loc":{"start":{"line":28,"column":11},"end":{"line":28,"column":21}}},"6":{"name":"(anonymous_6)","line":33,"loc":{"start":{"line":33,"column":17},"end":{"line":33,"column":27}}},"7":{"name":"(anonymous_7)","line":43,"loc":{"start":{"line":43,"column":11},"end":{"line":43,"column":21}}},"8":{"name":"(anonymous_8)","line":48,"loc":{"start":{"line":48,"column":16},"end":{"line":48,"column":26}}},"9":{"name":"(anonymous_9)","line":58,"loc":{"start":{"line":58,"column":11},"end":{"line":58,"column":21}}},"10":{"name":"(anonymous_10)","line":63,"loc":{"start":{"line":63,"column":24},"end":{"line":63,"column":34}}},"11":{"name":"(anonymous_11)","line":75,"loc":{"start":{"line":75,"column":11},"end":{"line":75,"column":21}}},"12":{"name":"(anonymous_12)","line":80,"loc":{"start":{"line":80,"column":16},"end":{"line":80,"column":26}}},"13":{"name":"(anonymous_13)","line":90,"loc":{"start":{"line":90,"column":11},"end":{"line":90,"column":21}}},"14":{"name":"(anonymous_14)","line":95,"loc":{"start":{"line":95,"column":15},"end":{"line":95,"column":26}}},"15":{"name":"(anonymous_15)","line":104,"loc":{"start":{"line":104,"column":11},"end":{"line":104,"column":21}}},"16":{"name":"(anonymous_16)","line":110,"loc":{"start":{"line":110,"column":27},"end":{"line":110,"column":38}}},"17":{"name":"(anonymous_17)","line":111,"loc":{"start":{"line":111,"column":22},"end":{"line":111,"column":33}}},"18":{"name":"(anonymous_18)","line":113,"loc":{"start":{"line":113,"column":18},"end":{"line":113,"column":30}}},"19":{"name":"(anonymous_19)","line":117,"loc":{"start":{"line":117,"column":18},"end":{"line":117,"column":29}}},"20":{"name":"(anonymous_20)","line":120,"loc":{"start":{"line":120,"column":13},"end":{"line":120,"column":23}}},"21":{"name":"(anonymous_21)","line":126,"loc":{"start":{"line":126,"column":22},"end":{"line":126,"column":33}}},"22":{"name":"(anonymous_22)","line":128,"loc":{"start":{"line":128,"column":18},"end":{"line":128,"column":35}}},"23":{"name":"(anonymous_23)","line":132,"loc":{"start":{"line":132,"column":18},"end":{"line":132,"column":33}}},"24":{"name":"(anonymous_24)","line":135,"loc":{"start":{"line":135,"column":13},"end":{"line":135,"column":23}}},"25":{"name":"(anonymous_25)","line":141,"loc":{"start":{"line":141,"column":22},"end":{"line":141,"column":33}}},"26":{"name":"(anonymous_26)","line":143,"loc":{"start":{"line":143,"column":18},"end":{"line":143,"column":44}}},"27":{"name":"(anonymous_27)","line":147,"loc":{"start":{"line":147,"column":18},"end":{"line":147,"column":43}}},"28":{"name":"(anonymous_28)","line":150,"loc":{"start":{"line":150,"column":13},"end":{"line":150,"column":23}}},"29":{"name":"(anonymous_29)","line":156,"loc":{"start":{"line":156,"column":22},"end":{"line":156,"column":33}}},"30":{"name":"(anonymous_30)","line":158,"loc":{"start":{"line":158,"column":18},"end":{"line":158,"column":53}}},"31":{"name":"(anonymous_31)","line":162,"loc":{"start":{"line":162,"column":18},"end":{"line":162,"column":52}}},"32":{"name":"(anonymous_32)","line":165,"loc":{"start":{"line":165,"column":13},"end":{"line":165,"column":23}}},"33":{"name":"(anonymous_33)","line":171,"loc":{"start":{"line":171,"column":22},"end":{"line":171,"column":33}}},"34":{"name":"(anonymous_34)","line":173,"loc":{"start":{"line":173,"column":18},"end":{"line":173,"column":65}}},"35":{"name":"(anonymous_35)","line":177,"loc":{"start":{"line":177,"column":18},"end":{"line":177,"column":64}}},"36":{"name":"(anonymous_36)","line":180,"loc":{"start":{"line":180,"column":13},"end":{"line":180,"column":23}}},"37":{"name":"(anonymous_37)","line":186,"loc":{"start":{"line":186,"column":29},"end":{"line":186,"column":40}}},"38":{"name":"(anonymous_38)","line":188,"loc":{"start":{"line":188,"column":18},"end":{"line
[...]
n":8}},"51":{"start":{"line":146,"column":6},"end":{"line":148,"column":8}},"52":{"start":{"line":150,"column":6},"end":{"line":152,"column":23}},"53":{"start":{"line":151,"column":8},"end":{"line":151,"column":38}},"54":{"start":{"line":156,"column":4},"end":{"line":169,"column":7}},"55":{"start":{"line":157,"column":6},"end":{"line":159,"column":8}},"56":{"start":{"line":161,"column":6},"end":{"line":163,"column":8}},"57":{"start":{"line":165,"column":6},"end":{"line":167,"column":23}},"58":{"start":{"line":166,"column":8},"end":{"line":166,"column":38}},"59":{"start":{"line":171,"column":4},"end":{"line":184,"column":7}},"60":{"start":{"line":172,"column":6},"end":{"line":174,"column":8}},"61":{"start":{"line":176,"column":6},"end":{"line":178,"column":8}},"62":{"start":{"line":180,"column":6},"end":{"line":182,"column":23}},"63":{"start":{"line":181,"column":8},"end":{"line":181,"column":38}},"64":{"start":{"line":186,"column":4},"end":{"line":199,"column":7}},"65":{"start":{"line":187,"column":6},"end":{"line":189,"column":8}},"66":{"start":{"line":191,"column":6},"end":{"line":193,"column":8}},"67":{"start":{"line":195,"column":6},"end":{"line":197,"column":19}},"68":{"start":{"line":196,"column":8},"end":{"line":196,"column":38}},"69":{"start":{"line":204,"column":2},"end":{"line":222,"column":5}},"70":{"start":{"line":205,"column":4},"end":{"line":207,"column":6}},"71":{"start":{"line":215,"column":4},"end":{"line":217,"column":6}},"72":{"start":{"line":219,"column":4},"end":{"line":221,"column":21}},"73":{"start":{"line":220,"column":6},"end":{"line":220,"column":36}}},"branchMap":{}},"D:\\Node\\param-signatures\\matchers\\undefined.js":{"path":"D:\\Node\\param-signatures\\matchers\\undefined.js","s":{"1":1,"2":1,"3":7,"4":624,"5":7,"6":617},"b":{"1":[7,617]},"f":{"1":7,"2":624},"fnMap":{"1":{"name":"(anonymous_1)","line":4,"loc":{"start":{"line":4,"column":15},"end":{"line":4,"column":26}}},"2":{"name":"(anonymous_2)","line":8,"loc":{"start":{"line":8,"column":15},"end":{"line":8,"column":38}}}},"statementMap":{"1":{"start":{"line":1,"column":0},"end":{"line":1,"column":39}},"2":{"start":{"line":3,"column":0},"end":{"line":15,"column":2}},"3":{"start":{"line":5,"column":4},"end":{"line":5,"column":31}},"4":{"start":{"line":9,"column":4},"end":{"line":11,"column":5}},"5":{"start":{"line":10,"column":6},"end":{"line":10,"column":18}},"6":{"start":{"line":13,"column":4},"end":{"line":13,"column":17}}},"branchMap":{"1":{"line":9,"type":"if","locations":[{"start":{"line":9,"column":4},"end":{"line":9,"column":4}},{"start":{"line":9,"column":4},"end":{"line":9,"column":4}}]}}},"D:\\Node\\param-signatures\\matchers\\null.js":{"path":"D:\\Node\\param-signatures\\matchers\\null.js","s":{"1":1,"2":1,"3":6,"4":630,"5":6,"6":624},"b":{"1":[6,624]},"f":{"1":6,"2":630},"fnMap":{"1":{"name":"(anonymous_1)","line":4,"loc":{"start":{"line":4,"column":15},"end":{"line":4,"column":26}}},"2":{"name":"(anonymous_2)","line":8,"loc":{"start":{"line":8,"column":15},"end":{"line":8,"column":38}}}},"statementMap":{"1":{"start":{"line":1,"column":0},"end":{"line":1,"column":39}},"2":{"start":{"line":3,"column":0},"end":{"line":15,"column":2}},"3":{"start":{"line":5,"column":4},"end":{"line":5,"column":26}},"4":{"start":{"line":9,"column":4},"end":{"line":11,"column":5}},"5":{"start":{"line":10,"column":6},"end":{"line":10,"column":18}},"6":{"start":{"line":13,"column":4},"end":{"line":13,"column":17}}},"branchMap":{"1":{"line":9,"type":"if","locations":[{"start":{"line":9,"column":4},"end":{"line":9,"column":4}},{"start":{"line":9,"column":4},"end":{"line":9,"column":4}}]}}},"D:\\Node\\param-signatures\\matchers\\object.js":{"path":"D:\\Node\\param-signatures\\matchers\\object.js","s":{"1":1,"2":1,"3":284,"4":284,"5":284,"6":0},"b":{"1":[284,0],"2":[284,284,284]},"f":{"1":284,"2":284},"fnMap":{"1":{"name":"(anonymous_1)","line":5,"loc":{"start":{"line":5,"column":15},"end":{"line":5,"column":26}}},"2":{"name":"(anonymous_2)","line":9,"loc":{"start":{"line":9,"column":15},"end":{"line":9,"column":38}}}},"statementMap":{"1":{"start":{"line":2,"column":0},"end":{"line":2,"column":39}},"2":{"start":{"line":4,"column":0},"end":{"line":18,"column":2}},"3":{"start":{"line":6,"column":4},"end":{"line":6,"column":28}},"4":{"start":{"line":12,"column":4},"end":{"line":14,"column":5}},"5":{"start":{"line":13,"column":6},"end":{"line":13,"column":18}},"6":{"start":{"line":16,"column":4},"end":{"line":16,"column":17}}},"branchMap":{"1":{"line":12,"type":"if","locations":[{"start":{"line":12,"column":4},"end":{"line":12,"column":4}},{"start":{"line":12,"column":4},"end":{"line":12,"column":4}}]},"2":{"line":12,"type":"binary-expr","locations":[{"start":{"line":12,"column":8},"end":{"line":12,"column":34}},{"start":{"line":12,"column":38},"end":{"line":12,"column":65}},{"start":{"line":12,"column":69},"end":{"line":12,"column":90}}]}}},"D:\\Node\\param-signatures\\matchers\\boolean.js":{"path":"D:\\Node\\param-signatures\\matchers\\boolean.js","s":{"1":1,"2":1,"3":115,"4":617,"5":617,"6":115,"7":502},"b":{"1":[617,0],"2":[617,617],"3":[115,502],"4":[617,597]},"f":{"1":115,"2":617},"fnMap":{"1":{"name":"(anonymous_1)","line":4,"loc":{"start":{"line":4,"column":15},"end":{"line":4,"column":26}}},"2":{"name":"(anonymous_2)","line":8,"loc":{"start":{"line":8,"column":15},"end":{"line":8,"column":38}}}},"statementMap":{"1":{"start":{"line":1,"column":0},"end":{"line":1,"column":39}},"2":{"start":{"line":3,"column":0},"end":{"line":20,"column":2}},"3":{"start":{"line":5,"column":4},"end":{"line":5,"column":29}},"4":{"start":{"line":10,"column":4},"end":{"line":16,"column":5}},"5":{"start":{"line":12,"column":6},"end":{"line":15,"column":7}},"6":{"start":{"line":14,"column":8},"end":{"line":14,"column":20}},"7":{"start":{"line":18,"column":4},"end":{"line":18,"column":17}}},"branchMap":{"1":{"line":10,"type":"if","locations":[{"start":{"line":10,"column":4},"end":{"line":10,"column":4}},{"start":{"line":10,"column":4},"end":{"line":10,"column":4}}]},"2":{"line":10,"type":"binary-expr","locations":[{"start":{"line":10,"column":8},"end":{"line":10,"column":28}},{"start":{"line":10,"column":32},"end":{"line":10,"column":53}}]},"3":{"line":12,"type":"if","locations":[{"start":{"line":12,"column":6},"end":{"line":12,"column":6}},{"start":{"line":12,"column":6},"end":{"line":12,"column":6}}]},"4":{"line":12,"type":"binary-expr","locations":[{"start":{"line":12,"column":11},"end":{"line":12,"column":32}},{"start":{"line":13,"column":9},"end":{"line":13,"column":31}}]}}},"D:\\Node\\param-signatures\\matchers\\function.js":{"path":"D:\\Node\\param-signatures\\matchers\\function.js","s":{"1":1,"2":1,"3":113,"4":502,"5":113,"6":389},"b":{"1":[113,389],"2":[502,113,113]},"f":{"1":113,"2":502},"fnMap":{"1":{"name":"(anonymous_1)","line":4,"loc":{"start":{"line":4,"column":15},"end":{"line":4,"column":26}}},"2":{"name":"(anonymous_2)","line":8,"loc":{"start":{"line":8,"column":15},"end":{"line":8,"column":38}}}},"statementMap":{"1":{"start":{"line":1,"column":0},"end":{"line":1,"column":39}},"2":{"start":{"line":3,"column":0},"end":{"line":17,"column":2}},"3":{"start":{"line":5,"column":4},"end":{"line":5,"column":30}},"4":{"start":{"line":11,"column":4},"end":{"line":13,"column":5}},"5":{"start":{"line":12,"column":6},"end":{"line":12,"column":18}},"6":{"start":{"line":15,"column":4},"end":{"line":15,"column":17}}},"branchMap":{"1":{"line":11,"type":"if","locations":[{"start":{"line":11,"column":4},"end":{"line":11,"column":4}},{"start":{"line":11,"column":4},"end":{"line":11,"column":4}}]},"2":{"line":11,"type":"binary-expr","locations":[{"start":{"line":11,"column":8},"end":{"line":11,"column":26}},{"start":{"line":11,"column":30},"end":{"line":11,"column":47}},{"start":{"line":11,"column":51},"end":{"line":11,"column":68}}]}}},"D:\\Node\\param-signatures\\matchers\\string.js":{"path":"D:\\Node\\param-signatures\\matchers\\string.js","s":{"1":1,"2":1,"3":12,"4":317,"5":12,"6":305},"b":{"1":[12,305],"2":[317,12,12,12]},"f":{"1":12,"2":317},"fnMap":{"1":{"name":"(anonymous_1)","line":4,"loc":{"start":{"line":4,"column":15},"end":{"line":4,"column":26}}},"2":{"name":"(anonymous_2)","line":8,"loc":{"start":{"line":8,"column":15},"end":{"line":8,"column":38}}}},"statementMap":{"1":{"start":{"line":1,"column":0},"end":{"line":1,"column":39}},"2":{"start":{"line":3,"column":0},"end":{"line":16,"column":2}},"3":{"start":{"line":5,"column":4},"end":{"line":5,"column":28}},"4":{"start":{"line":10,"column":4},"end":{"line":12,"column":5}},"5":{"start":{"line":11,"column":6},"end":{"line":11,"column":18}},"6":{"start":{"line":14,"column":4},"end":{"line":14,"column":17}}},"branchMap":{"1":{"line":10,"type":"if","locations":[{"start":{"line":10,"column":4},"end":{"line":10,"column":4}},{"start":{"line":10,"column":4},"end":{"line":10,"column":4}}]},"2":{"line":10,"type":"binary-expr","locations":[{"start":{"line":10,"column":8},"end":{"line":10,"column":25}},{"start":{"line":10,"column":29},"end":{"line":10,"column":49}},{"start":{"line":10,"column":53},"end":{"line":10,"column":77}},{"start":{"line":10,"column":81},"end":{"line":10,"column":105}}]}}},"D:\\Node\\param-signatures\\matchers\\number.js":{"path":"D:\\Node\\param-signatures\\matchers\\number.js","s":{"1":1,"2":1,"3":63,"4":380,"5":63,"6":317},"b":{"1":[63,317],"2":[380,380,380]},"f":{"1":63,"2":380},"fnMap":{"1":{"name":"(anonymous_1)","line":4,"loc":{"start":{"line":4,"column":15},"end":{"line":4,"column":26}}},"2":{"name":"(anonymous_2)","line":8,"loc":{"start":{"line":8,"column":15},"end":{"line":8,"column":38}}}},"statementMap":{"1":{"start":{"line":1,"column":0},"end":{"line":1,"column":39}},"2":{"start":{"line":3,"column":0},"end":{"line":16,"column":2}},"3":{"start":{"line":5,"column":4},"end":{"line":5,"column":28}},"4":{"start":{"line":10,"column":4},"end":{"line":12,"column":5}},"5":{"start":{"line":11,"column":6},"end":{"line":11,"column":18}},"6":{"start":{"line":14,"column":4},"end":{"line":14,"column":17}}},"branchMap":{"1":{"line":10,"type":"if","locations":[{"start":{"line":10,"column":4},"end":{"line":10,"column":4}},{"start":{"line":10,"column":4},"end":{"line":10,"column":4}}]},"2":{"line":10,"type":"binary-expr","locations":[{"start":{"line":10,"column":8},"end":{"line":10,"column":29}},{"start":{"line":10,"column":33},"end":{"line":10,"column":53}},{"start":{"line":10,"column":57},"end":{"line":10,"column":81}}]}}},"D:\\Node\\param-signatures\\matchers\\date.js":{"path":"D:\\Node\\param-signatures\\matchers\\date.js","s":{"1":1,"2":1,"3":9,"4":389,"5":9,"6":380},"b":{"1":[9,380],"2":[389,9,9,9,9,9]},"f":{"1":9,"2":389},"fnMap":{"1":{"name":"(anonymous_1)","line":4,"loc":{"start":{"line":4,"column":15},"end":{"line":4,"column":26}}},"2":{"name":"(anonymous_2)","line":8,"loc":{"start":{"line":8,"column":15},"end":{"line":8,"column":38}}}},"statementMap":{"1":{"start":{"line":1,"column":0},"end":{"line":1,"column":39}},"2":{"start":{"line":3,"column":0},"end":{"line":17,"column":2}},"3":{"start":{"line":5,"column":4},"end":{"line":5,"column":26}},"4":{"start":{"line":11,"column":4},"end":{"line":13,"column":5}},"5":{"start":{"line":12,"column":6},"end":{"line":12,"column":18}},"6":{"start":{"line":15,"column":4},"end":{"line":15,"column":17}}},"branchMap":{"1":{"line":11,"type":"if","locations":[{"start":{"line":11,"column":4},"end":{"line":11,"column":4}},{"start":{"line":11,"column":4},"end":{"line":11,"column":4}}]},"2":{"line":11,"type":"binary-expr","locations":[{"start":{"line":11,"column":8},"end":{"line":11,"column":27}},{"start":{"line":11,"column":31},"end":{"line":11,"column":51}},{"start":{"line":11,"column":55},"end":{"line":11,"column":76}},{"start":{"line":11,"column":80},"end":{"line":11,"column":101}},{"start":{"line":11,"column":105},"end":{"line":11,"column":128}},{"start":{"line":11,"column":132},"end":{"line":11,"column":155}}]}}},"D:\\Node\\param-signatures\\matchers\\array.js":{"path":"D:\\Node\\param-signatures\\matchers\\array.js","s":{"1":1,"2":1,"3":21,"4":305,"5":21,"6":284},"b":{"1":[21,284],"2":[305,21,21,21]},"f":{"1":21,"2":305},"fnMap":{"1":{"name":"(anonymous_1)","line":4,"loc":{"start":{"line":4,"column":15},"end":{"line":4,"column":26}}},"2":{"name":"(anonymous_2)","line":8,"loc":{"start":{"line":8,"column":15},"end":{"line":8,"column":38}}}},"statementMap":{"1":{"start":{"line":1,"column":0},"end":{"line":1,"column":39}},"2":{"start":{"line":3,"column":0},"end":{"line":16,"column":2}},"3":{"start":{"line":5,"column":4},"end":{"line":5,"column":27}},"4":{"start":{"line":10,"column":4},"end":{"line":12,"column":5}},"5":{"start":{"line":11,"column":6},"end":{"line":11,"column":18}},"6":{"start":{"line":14,"column":4},"end":{"line":14,"column":17}}},"branchMap":{"1":{"line":10,"type":"if","locations":[{"start":{"line":10,"column":4},"end":{"line":10,"column":4}},{"start":{"line":10,"column":4},"end":{"line":10,"column":4}}]},"2":{"line":10,"type":"binary-expr","locations":[{"start":{"line":10,"column":8},"end":{"line":10,"column":24}},{"start":{"line":10,"column":28},"end":{"line":10,"column":48}},{"start":{"line":10,"column":52},"end":{"line":10,"column":69}},{"start":{"line":10,"column":73},"end":{"line":10,"column":91}}]}}},"D:\\Node\\param-signatures\\dist\\param-signatures-min-gcc.js":{"path":"D:\\Node\\param-signatures\\dist\\param-signatures-min-gcc.js","s":{},"b":{},"f":{},"fnMap":{},"statementMap":{},"branchMap":{}},"D:\\Node\\param-signatures\\karma.conf.js":{"path":"D:\\Node\\param-signatures\\karma.conf.js","s":{"1":0,"2":0},"b":{},"f":{"1":0},"fnMap":{"1":{"name":"(anonymous_1)","line":4,"loc":{"start":{"line":4,"column":17},"end":{"line":4,"column":34}}}},"statementMap":{"1":{"start":{"line":4,"column":0},"end":{"line":84,"column":2}},"2":{"start":{"line":5,"column":2},"end":{"line":83,"column":5}}},"branchMap":{}},"D:\\Node\\param-signatures\\minify.js":{"path":"D:\\Node\\param-signatures\\minify.js","s":{"1":0,"2":0,"3":0},"b":{},"f":{"1":0},"fnMap":{"1":{"name":"(anonymous_1)","line":9,"loc":{"start":{"line":9,"column":12},"end":{"line":9,"column":30}}}},"statementMap":{"1":{"start":{"line":2,"column":0},"end":{"line":2,"column":40}},"2":{"start":{"line":5,"column":0},"end":{"line":13,"column":3}},"3":{"start":{"line":10,"column":4},"end":{"line":10,"column":21}}},"branchMap":{}},"D:\\Node\\param-signatures\\test-main.js":{"path":"D:\\Node\\param-signatures\\test-main.js","s":{"1":0,"2":0,"3":0,"4":0,"5":0,"6":0,"7":0},"b":{"1":[0,0]},"f":{"1":0},"fnMap":{"1":{"name":"(anonymous_1)","line":5,"loc":{"start":{"line":5,"column":44},"end":{"line":5,"column":59}}}},"statementMap":{"1":{"start":{"line":1,"column":0},"end":{"line":1,"column":22}},"2":{"start":{"line":2,"column":0},"end":{"line":2,"column":38}},"3":{"start":{"line":5,"column":0},"end":{"line":13,"column":3}},"4":{"start":{"line":6,"column":2},"end":{"line":12,"column":3}},"5":{"start":{"line":10,"column":4},"end":{"line":10,"column":68}},"6":{"start":{"line":11,"column":4},"end":{"line":11,"column":44}},"7":{"start":{"line":15,"column":0},"end":{"line":24,"column":3}}},"branchMap":{"1":{"line":6,"type":"if","locations":[{"start":{"line":6,"column":2},"end":{"line":6,"column":2}},{"start":{"line":6,"column":2},"end":{"line":6,"column":2}}]}}},"D:\\Node\\param-signatures\\test.js":{"path":"D:\\Node\\param-signatures\\test.js","s":{"1":0,"2":0,"3":0,"4":0,"5":0,"6":0,"7":0,"8":0,"9":0,"10":0,"11":0,"12":0,"13":0,"14":0,"15":0,"16":0,"17":0,"18":0,"19":0,"20":0,"21":0,"22":0,"23":0,"24":0,"25":0,"26":0,"27":0,"28":0,"29":0,"30":0,"31":0,"32":0,"33":0,"34":0,"35":0,"36":0,"37":0},"b":{},"f":{"1":0,"2":0,"3":0,"4":0,"5":0,"6":0,"7":0,"8":0,"9":0,"10":0,"11":0,"12":0,"13":0,"14":0,"15":0,"16":0},"fnMap":{"1":{"name":"trapAndLog","line":4,"loc":{"start":{"line":4,"column":0},"end":{"line":4,"column":26}}},"2":{"name":"(anonymous_2)","line":25,"loc":{"start":{"line":25,"column":13},"end":{"line":25,"column":25}}},"3":{"name":"(anonymous_3)","line":26,"loc":{"start":{"line":26,"column":13},"end":{"line":26,"column":27}}},"4":{"name":"(anonymous_4)","line":27,"loc":{"start":{"line":27,"column":12},"end":{"line":27,"column":38}}},"5":{"name":"(anonymous_5)","line":28,"loc":{"start":{"line":28,"column":14},"end":{"line":28,"column":52}}},"6":{"name":"(anonymous_6)","line":37,"loc":{"start":{"line":37,"column":11},"end":{"line":37,"column":22}}},"7":{"name":"(anonymous_7)","line":50,"loc":{"start":{"line":50,"column":11},"end":{"line":50,"column":21}}},"8":{"name":"(anonymous_8)","line":63,"loc":{"start":{"line":63,"column":13},"end":{"line":63,"column":37}}},"9":{"name":"(anonymous_9)","line":64,"loc":{"start":{"line":64,"column":13},"end":{"line":64,"column":27}}},"10":{"name":"(anonymous_10)","line":65,"loc":{"start":{"line":65,"column":12},"end":{"line":65,"column":38}}},"11":{"name":"(anonymous_11)","line":68,"loc":{"start":{"line":68,"column":11},"end":{"line":68,"column":21}}},"12":{"name":"(anonymous_12)","line":81,"loc":{"start":{"line":81,"column":13},"end":{"line":81,"column":24}}},"13":{"name":"(anonymous_13)","line":82,"loc":{"start":{"line":82,"column":13},"end":{"line":82,"column":27}}},"14":{"name":"(anonymous_14)","line":83,"loc":{"start":{"line":83,"column":12},"end":{"line":83,"column":38}}},"15":{"name":"(anonymous_15)","line":84,"loc":{"start":{"line":84,"column":14},"end":{"line":84,"column":52}}},"16":{"name":"(anonymous_16)","line":87,"loc":{"start":{"line":87,"column":11},"end":{"line":87,"column":21}}}},"statementMap":{"1":{"start":{"line":2,"column":0},"end":{"line":2,"column":47}},"2":{"start":{"line":4,"column":0},"end":{"line":14,"column":1}},"3":{"start":{"line":5,"column":2},"end":{"line":13,"column":3}},"4":{"start":{"line":6,"column":4},"end":{"line":6,"column":11}},"5":{"start":{"line":9,"column":4},"end":{"line":9,"column":29}},"6":{"start":{"line":10,"column":4},"end":{"line":10,"column":19}},"7":{"start":{"line":11,"column":4},"end":{"line":11,"column":27}},"8":{"start":{"line":12,"column":4},"end":{"line":12,"column":25}},"9":{"start":{"line":16,"column":0},"end":{"line":16,"column":30}},"10":{"start":{"line":17,"column":0},"end":{"line":17,"column":35}},"11":{"start":{"line":18,"column":0},"end":{"line":18,"column":24}},"12":{"start":{"line":19,"column":0},"end":{"line":19,"column":29}},"13":{"start":{"line":21,"column":0},"end":{"line":29,"column":2}},"14":{"start":{"line":31,"column":0},"end":{"line":35,"column":2}},"15":{"start":{"line":37,"column":0},"end":{"line":42,"column":3}},"16":{"start":{"line":38,"column":2},"end":{"line":38,"column":23}},"17":{"start":{"line":39,"column":2},"end":{"line":39,"column":26}},"18":{"start":{"line":40,"column":2},"end":{"line":40,"column":23}},"19":{"start":{"line":41,"column":2},"end":{"line":41,"column":50}},"20":{"start":{"line":45,"column":0},"end":{"line":48,"column":2}},"21":{"start":{"line":50,"column":0},"end":{"line":55,"column":3}},"22":{"start":{"line":51,"column":2},"end":{"line":51,"column":23}},"23":{"start":{"line":52,"column":2},"end":{"line":52,"column":26}},"24":{"start":{"line":53,"column":2},"end":{"line":53,"column":23}},"25":{"start":{"line":54,"column":2},"end":{"line":54,"column":52}},"26":{"start":{"line":59,"column":0},"end":{"line":66,"column":2}},"27":{"start":{"line":68,"column":0},"end":{"line":73,"column":3}},"28":{"start":{"line":69,"column":2},"end":{"line":69,"column":23}},"29":{"start":{"line":70,"column":2},"end":{"line":70,"column":28}},"30":{"start":{"line":71,"column":2},"end":{"line":71,"column":23}},"31":{"start":{"line":72,"column":2},"end":{"line":72,"column":52}},"32":{"start":{"line":77,"column":0},"end":{"line":85,"column":2}},"33":{"start":{"line":87,"column":0},"end":{"line":92,"column":3}},"34":{"start":{"line":88,"column":2},"end":{"line":88,"column":23}},"35":{"start":{"line":89,"column":2},"end":{"line":89,"column":27}},"36":{"start":{"line":90,"column":2},"end":{"line":90,"column":23}},"37":{"start":{"line":91,"column":2},"end":{"line":91,"column":52}}},"branchMap":{}}}