TN:
SF:D:\Node\param-signatures\jasmine-runner.js
FN:4,(anonymous_1)
FNF:1
FNH:1
FNDA:81,(anonymous_1)
DA:2,1
DA:3,1
DA:4,1
DA:6,1
DA:7,1
DA:8,1
DA:9,1
DA:10,1
LF:8
LH:8
BRF:0
BRH:0
end_of_record
TN:
SF:D:\Node\param-signatures\spec\basic-testSpec.js
FN:4,(anonymous_1)
FN:5,(anonymous_2)
FN:11,(anonymous_3)
FN:12,(anonymous_4)
FN:13,(anonymous_5)
FN:14,(anonymous_6)
FN:21,(anonymous_7)
FN:22,(anonymous_8)
FN:23,(anonymous_9)
FN:24,(anonymous_10)
FN:34,(anonymous_11)
FN:40,(anonymous_12)
FN:45,(anonymous_13)
FN:46,(anonymous_14)
FN:47,(anonymous_15)
FN:48,(anonymous_16)
FN:55,(anonymous_17)
FN:56,(anonymous_18)
FN:57,(anonymous_19)
FN:58,(anonymous_20)
FN:61,(anonymous_21)
FN:67,(anonymous_22)
FN:72,(anonymous_23)
FN:73,(anonymous_24)
FN:74,(anonymous_25)
FN:75,(anonymous_26)
FN:78,(anonymous_27)
FN:84,(anonymous_28)
FN:89,(anonymous_29)
FN:90,(anonymous_30)
FN:91,(anonymous_31)
FN:92,(anonymous_32)
FN:99,(anonymous_33)
FN:100,(anonymous_34)
FN:101,(anonymous_35)
FN:102,(anonymous_36)
FN:105,(anonymous_37)
FN:111,(anonymous_38)
FN:127,(anonymous_39)
FN:128,(anonymous_40)
FN:129,(anonymous_41)
FN:130,(anonymous_42)
FN:133,(anonymous_43)
FN:139,(anonymous_44)
FN:144,(anonymous_45)
FN:145,(anonymous_46)
FN:146,(anonymous_47)
FN:147,(anonymous_48)
FN:161,(anonymous_49)
FNF:49
FNH:13
FNDA:1,(anonymous_1)
FNDA:1,(anonymous_2)
FNDA:0,(anonymous_3)
FNDA:0,(anonymous_4)
FNDA:0,(anonymous_5)
FNDA:0,(anonymous_6)
FNDA:0,(anonymous_7)
FNDA:0,(anonymous_8)
FNDA:0,(anonymous_9)
FNDA:0,(anonymous_10)
FNDA:1,(anonymous_11)
FNDA:1,(anonymous_12)
FNDA:0,(anonymous_13)
FNDA:0,(anonymous_14)
FNDA:0,(anonymous_15)
FNDA:0,(anonymous_16)
FNDA:0,(anonymous_17)
FNDA:0,(anonymous_18)
FNDA:0,(anonymous_19)
FNDA:0,(anonymous_20)
FNDA:1,(anonymous_21)
FNDA:1,(anonymous_22)
FNDA:0,(anonymous_23)
FNDA:0,(anonymous_24)
FNDA:0,(anonymous_25)
FNDA:0,(anonymous_26)
FNDA:1,(anonymous_27)
FNDA:1,(anonymous_28)
FNDA:0,(anonymous_29)
FNDA:0,(anonymous_30)
FNDA:0,(anonymous_31)
FNDA:0,(anonymous_32)
FNDA:0,(anonymous_33)
FNDA:0,(anonymous_34)
FNDA:0,(anonymous_35)
FNDA:0,(anonymous_36)
FNDA:1,(anonymous_37)
FNDA:1,(anonymous_38)
FNDA:0,(anonymous_39)
FNDA:0,(anonymous_40)
FNDA:0,(anonymous_41)
FNDA:0,(anonymous_42)
FNDA:1,(anonymous_43)
FNDA:1,(anonymous_44)
FNDA:0,(anonymous_45)
FNDA:0,(anonymous_46)
FNDA:0,(anonymous_47)
FNDA:0,(anonymous_48)
FNDA:1,(anonymous_49)
DA:2,1
DA:4,1
DA:5,1
DA:7,1
DA:17,1
DA:28,1
DA:34,1
DA:35,1
DA:40,1
DA:41,1
DA:51,1
DA:61,1
DA:62,1
DA:67,1
DA:68,1
DA:78,1
DA:79,1
DA:84,1
DA:85,1
DA:95,1
DA:105,1
DA:106,1
DA:111,1
DA:112,1
DA:123,1
DA:133,1
DA:134,1
DA:139,1
DA:140,1
DA:150,1
DA:161,1
DA:162,1
LF:32
LH:32
BRF:0
BRH:0
end_of_record
TN:
SF:D:\Node\param-signatures\signatures.js
FN:10,isNullOrUndefined
FN:18,validateObjects
FN:50,throwIfErrors
FN:61,formatTypeOf
FN:68,validateObjectProperties
FN:119,validateFunctionSignatures
FN:135,emptyLog
FN:138,cloneObj
FN:154,getComparison
FN:180,mergeObjects
FN:238,(anonymous_11)
FN:257,(anonymous_12)
FN:264,(anonymous_13)
FN:287,(anonymous_14)
FN:291,(anonymous_15)
FNF:15
FNH:14
FNDA:292,isNullOrUndefined
FNDA:103,validateObjects
FNDA:34,throwIfErrors
FNDA:1,formatTypeOf
FNDA:87,validateObjectProperties
FNDA:50,validateFunctionSignatures
FNDA:39,emptyLog
FNDA:0,cloneObj
FNDA:44,getComparison
FNDA:44,mergeObjects
FNDA:39,(anonymous_11)
FNDA:12,(anonymous_12)
FNDA:44,(anonymous_13)
FNDA:22,(anonymous_14)
FNDA:9,(anonymous_15)
DA:3,1
DA:5,1
DA:8,1
DA:10,1
DA:11,292
DA:12,40
DA:15,252
DA:18,1
DA:24,103
DA:25,2
DA:26,2
DA:29,101
DA:30,2
DA:31,2
DA:34,99
DA:35,99
DA:37,99
DA:39,94
DA:40,87
DA:41,7
DA:42,1
DA:45,5
DA:46,0
DA:50,1
DA:51,34
DA:52,7
DA:53,7
DA:54,7
DA:55,7
DA:57,7
DA:61,1
DA:62,1
DA:63,1
DA:64,1
DA:65,1
DA:68,1
DA:69,87
DA:70,87
DA:72,87
DA:73,41
DA:74,41
DA:75,41
DA:78,46
DA:79,110
DA:81,110
DA:82,14
DA:85,110
DA:86,110
DA:88,110
DA:89,110
DA:92,110
DA:93,109
DA:94,7
DA:98,109
DA:99,8
DA:101,101
DA:104,49
DA:108,1
DA:109,1
DA:113,110
DA:114,14
DA:119,1
DA:122,50
DA:124,47
DA:125,47
DA:126,4
DA:130,3
DA:131,3
DA:135,1
DA:138,1
DA:139,0
DA:140,0
DA:141,0
DA:142,0
DA:143,0
DA:144,0
DA:145,0
DA:146,0
DA:148,0
DA:151,0
DA:154,1
DA:155,44
DA:161,44
DA:162,102
DA:163,102
DA:164,77
DA:166,25
DA:170,44
DA:171,28
DA:172,28
DA:173,3
DA:177,44
DA:180,1
DA:181,44
DA:182,44
DA:186,44
DA:187,44
DA:188,44
DA:190,44
DA:193,44
DA:195,44
DA:196,77
DA:197,77
DA:198,77
DA:199,77
DA:200,0
DA:202,77
DA:206,44
DA:207,25
DA:208,25
DA:210,25
DA:211,25
DA:212,3
DA:213,3
DA:216,22
DA:220,44
DA:223,0
DA:227,1
DA:232,1
DA:237,1
DA:239,39
DA:243,39
DA:244,39
DA:246,39
DA:247,2
DA:250,37
DA:253,39
DA:254,34
DA:258,12
DA:259,12
DA:261,12
DA:268,44
DA:269,36
DA:272,44
DA:273,0
DA:276,44
DA:277,44
DA:278,44
DA:279,3
DA:281,41
DA:288,22
DA:292,9
LF:142
LH:128
BRDA:11,1,0,40
BRDA:11,1,1,252
BRDA:11,2,0,292
BRDA:11,2,1,290
BRDA:24,3,0,2
BRDA:24,3,1,101
BRDA:29,4,0,2
BRDA:29,4,1,99
BRDA:37,5,0,94
BRDA:37,5,1,5
BRDA:39,6,0,87
BRDA:39,6,1,7
BRDA:41,7,0,1
BRDA:41,7,1,6
BRDA:51,8,0,7
BRDA:51,8,1,27
BRDA:72,9,0,41
BRDA:72,9,1,46
BRDA:81,10,0,14
BRDA:81,10,1,96
BRDA:92,11,0,109
BRDA:92,11,1,1
BRDA:93,12,0,7
BRDA:93,12,1,102
BRDA:98,13,0,8
BRDA:98,13,1,101
BRDA:101,14,0,49
BRDA:101,14,1,52
BRDA:113,15,0,14
BRDA:113,15,1,96
BRDA:122,16,0,47
BRDA:122,16,1,3
BRDA:125,17,0,4
BRDA:125,17,1,43
BRDA:145,18,0,0
BRDA:145,18,1,0
BRDA:163,19,0,77
BRDA:163,19,1,25
BRDA:172,20,0,3
BRDA:172,20,1,25
BRDA:186,21,0,44
BRDA:186,21,1,0
BRDA:186,22,0,44
BRDA:186,22,1,44
BRDA:199,23,0,0
BRDA:199,23,1,77
BRDA:211,24,0,3
BRDA:211,24,1,22
BRDA:246,25,0,2
BRDA:246,25,1,37
BRDA:258,26,0,12
BRDA:258,26,1,12
BRDA:268,27,0,36
BRDA:268,27,1,8
BRDA:272,28,0,0
BRDA:272,28,1,44
BRDA:278,29,0,3
BRDA:278,29,1,41
BRF:58
BRH:53
end_of_record
TN:
SF:D:\Node\param-signatures\matchers\all.js
FN:7,loadMatchers
FN:28,(anonymous_2)
FN:37,findMatcher
FN:50,getTypeCode
FN:56,typeCodeToString
FNF:5
FNH:5
FNDA:1,loadMatchers
FNDA:1260,(anonymous_2)
FNDA:630,findMatcher
FNDA:630,getTypeCode
FNDA:18,typeCodeToString
DA:2,1
DA:4,1
DA:8,1
DA:9,1
DA:10,1
DA:11,1
DA:12,1
DA:13,1
DA:14,1
DA:15,1
DA:16,1
DA:18,1
DA:19,1
DA:20,1
DA:21,1
DA:22,1
DA:23,1
DA:24,1
DA:25,1
DA:26,1
DA:29,1260
DA:30,1
DA:31,1
DA:36,1
DA:38,630
DA:39,630
DA:41,4048
DA:42,4048
DA:43,630
DA:47,0
DA:51,630
DA:52,630
DA:53,630
DA:57,18
DA:58,1
DA:60,17
DA:61,1
DA:63,16
DA:64,2
DA:66,14
DA:67,1
DA:69,13
DA:70,3
DA:72,10
DA:73,3
DA:75,7
DA:76,5
DA:78,2
DA:79,1
DA:81,1
DA:82,1
LF:51
LH:50
BRDA:29,1,0,1
BRDA:29,1,1,1259
BRDA:42,2,0,630
BRDA:42,2,1,3418
BRDA:57,3,0,1
BRDA:57,3,1,17
BRDA:60,4,0,1
BRDA:60,4,1,16
BRDA:63,5,0,2
BRDA:63,5,1,14
BRDA:66,6,0,1
BRDA:66,6,1,13
BRDA:69,7,0,3
BRDA:69,7,1,10
BRDA:72,8,0,3
BRDA:72,8,1,7
BRDA:75,9,0,5
BRDA:75,9,1,2
BRDA:78,10,0,1
BRDA:78,10,1,1
BRDA:81,11,0,1
BRDA:81,11,1,0
BRF:22
BRH:21
end_of_record
TN:
SF:D:\Node\param-signatures\matchers\typecodes.js
FNF:0
FNH:0
DA:10,1
LF:1
LH:1
BRF:0
BRH:0
end_of_record
TN:
SF:D:\Node\param-signatures\spec\mergeSpec.js
FN:4,(anonymous_1)
FN:5,(anonymous_2)
FN:10,(anonymous_3)
FN:11,(anonymous_4)
FN:12,(anonymous_5)
FN:13,(anonymous_6)
FN:20,(anonymous_7)
FN:21,(anonymous_8)
FN:22,(anonymous_9)
FN:37,(anonymous_10)
FN:42,(anonymous_11)
FN:49,(anonymous_12)
FN:50,(anonymous_13)
FN:51,(anonymous_14)
FNF:14
FNH:3
FNDA:1,(anonymous_1)
FNDA:1,(anonymous_2)
FNDA:0,(anonymous_3)
FNDA:0,(anonymous_4)
FNDA:0,(anonymous_5)
FNDA:0,(anonymous_6)
FNDA:0,(anonymous_7)
FNDA:0,(anonymous_8)
FNDA:0,(anonymous_9)
FNDA:1,(anonymous_10)
FNDA:0,(anonymous_11)
FNDA:0,(anonymous_12)
FNDA:0,(anonymous_13)
FNDA:0,(anonymous_14)
DA:2,1
DA:4,1
DA:5,1
DA:6,1
DA:16,1
DA:25,1
DA:27,1
DA:29,1
DA:30,1
DA:37,1
DA:38,1
DA:45,1
DA:54,1
DA:56,1
DA:58,1
DA:59,1
LF:16
LH:16
BRF:0
BRH:0
end_of_record
TN:
SF:D:\Node\param-signatures\spec\nestedSpec.js
FN:4,(anonymous_1)
FN:5,(anonymous_2)
FN:12,(anonymous_3)
FN:13,(anonymous_4)
FN:14,(anonymous_5)
FN:15,(anonymous_6)
FN:25,(anonymous_7)
FN:26,(anonymous_8)
FN:27,(anonymous_9)
FN:28,(anonymous_10)
FN:32,(anonymous_11)
FN:38,(anonymous_12)
FN:45,(anonymous_13)
FN:46,(anonymous_14)
FN:47,(anonymous_15)
FN:48,(anonymous_16)
FN:58,(anonymous_17)
FN:59,(anonymous_18)
FN:60,(anonymous_19)
FN:61,(anonymous_20)
FN:65,(anonymous_21)
FN:71,(anonymous_22)
FN:78,(anonymous_23)
FN:79,(anonymous_24)
FN:80,(anonymous_25)
FN:81,(anonymous_26)
FN:98,(anonymous_27)
FN:99,(anonymous_28)
FN:100,(anonymous_29)
FN:101,(anonymous_30)
FN:112,(anonymous_31)
FN:118,(anonymous_32)
FN:125,(anonymous_33)
FN:126,(anonymous_34)
FN:127,(anonymous_35)
FN:128,(anonymous_36)
FN:146,(anonymous_37)
FN:147,(anonymous_38)
FN:148,(anonymous_39)
FN:149,(anonymous_40)
FNF:40
FNH:8
FNDA:1,(anonymous_1)
FNDA:1,(anonymous_2)
FNDA:0,(anonymous_3)
FNDA:0,(anonymous_4)
FNDA:0,(anonymous_5)
FNDA:0,(anonymous_6)
FNDA:0,(anonymous_7)
FNDA:0,(anonymous_8)
FNDA:0,(anonymous_9)
FNDA:0,(anonymous_10)
FNDA:1,(anonymous_11)
FNDA:1,(anonymous_12)
FNDA:0,(anonymous_13)
FNDA:0,(anonymous_14)
FNDA:0,(anonymous_15)
FNDA:0,(anonymous_16)
FNDA:0,(anonymous_17)
FNDA:0,(anonymous_18)
FNDA:0,(anonymous_19)
FNDA:0,(anonymous_20)
FNDA:1,(anonymous_21)
FNDA:1,(anonymous_22)
FNDA:0,(anonymous_23)
FNDA:0,(anonymous_24)
FNDA:0,(anonymous_25)
FNDA:0,(anonymous_26)
FNDA:0,(anonymous_27)
FNDA:0,(anonymous_28)
FNDA:0,(anonymous_29)
FNDA:0,(anonymous_30)
FNDA:1,(anonymous_31)
FNDA:1,(anonymous_32)
FNDA:0,(anonymous_33)
FNDA:0,(anonymous_34)
FNDA:0,(anonymous_35)
FNDA:0,(anonymous_36)
FNDA:0,(anonymous_37)
FNDA:0,(anonymous_38)
FNDA:0,(anonymous_39)
FNDA:0,(anonymous_40)
DA:2,1
DA:4,1
DA:5,1
DA:6,1
DA:19,1
DA:32,1
DA:33,1
DA:38,1
DA:39,1
DA:52,1
DA:65,1
DA:66,1
DA:71,1
DA:72,1
DA:92,1
DA:112,1
DA:113,1
DA:118,1
DA:119,1
DA:140,1
DA:160,1
DA:162,1
LF:22
LH:22
BRF:0
BRH:0
end_of_record
TN:
SF:D:\Node\param-signatures\spec\optionsSpec.js
FN:4,(anonymous_1)
FN:5,(anonymous_2)
FN:12,(anonymous_3)
FN:13,(anonymous_4)
FN:14,(anonymous_5)
FN:15,(anonymous_6)
FN:22,(anonymous_7)
FN:23,(anonymous_8)
FN:24,(anonymous_9)
FN:25,(anonymous_10)
FN:33,(anonymous_11)
FN:42,(anonymous_12)
FN:49,(anonymous_13)
FN:50,(anonymous_14)
FN:51,(anonymous_15)
FN:52,(anonymous_16)
FN:59,(anonymous_17)
FN:60,(anonymous_18)
FN:61,(anonymous_19)
FN:62,(anonymous_20)
FN:71,(anonymous_21)
FN:78,(anonymous_22)
FN:85,(anonymous_23)
FN:86,(anonymous_24)
FN:87,(anonymous_25)
FN:88,(anonymous_26)
FN:95,(anonymous_27)
FN:96,(anonymous_28)
FN:97,(anonymous_29)
FN:98,(anonymous_30)
FN:107,(anonymous_31)
FNF:31
FNH:7
FNDA:1,(anonymous_1)
FNDA:1,(anonymous_2)
FNDA:0,(anonymous_3)
FNDA:0,(anonymous_4)
FNDA:0,(anonymous_5)
FNDA:0,(anonymous_6)
FNDA:0,(anonymous_7)
FNDA:0,(anonymous_8)
FNDA:0,(anonymous_9)
FNDA:0,(anonymous_10)
FNDA:1,(anonymous_11)
FNDA:1,(anonymous_12)
FNDA:0,(anonymous_13)
FNDA:0,(anonymous_14)
FNDA:0,(anonymous_15)
FNDA:0,(anonymous_16)
FNDA:0,(anonymous_17)
FNDA:0,(anonymous_18)
FNDA:0,(anonymous_19)
FNDA:0,(anonymous_20)
FNDA:1,(anonymous_21)
FNDA:1,(anonymous_22)
FNDA:0,(anonymous_23)
FNDA:0,(anonymous_24)
FNDA:0,(anonymous_25)
FNDA:0,(anonymous_26)
FNDA:0,(anonymous_27)
FNDA:0,(anonymous_28)
FNDA:0,(anonymous_29)
FNDA:0,(anonymous_30)
FNDA:1,(anonymous_31)
DA:2,1
DA:4,1
DA:5,1
DA:6,1
DA:8,1
DA:18,1
DA:28,1
DA:33,1
DA:34,1
DA:37,1
DA:42,1
DA:43,1
DA:45,1
DA:55,1
DA:66,1
DA:71,1
DA:72,1
DA:75,1
DA:78,1
DA:79,1
DA:81,1
DA:91,1
DA:102,1
DA:107,1
DA:108,1
DA:111,1
DA:113,1
LF:27
LH:27
BRF:0
BRH:0
end_of_record
TN:
SF:D:\Node\param-signatures\spec\singleTypesSpec.js
FN:4,(anonymous_1)
FN:5,(anonymous_2)
FN:6,(anonymous_3)
FN:10,(anonymous_4)
FN:15,(anonymous_5)
FN:19,(anonymous_6)
FN:24,(anonymous_7)
FN:28,(anonymous_8)
FN:33,(anonymous_9)
FN:37,(anonymous_10)
FN:42,(anonymous_11)
FN:46,(anonymous_12)
FN:51,(anonymous_13)
FN:55,(anonymous_14)
FN:61,(anonymous_15)
FN:65,(anonymous_16)
FN:70,(anonymous_17)
FN:74,(anonymous_18)
FN:80,(anonymous_19)
FN:81,(anonymous_20)
FN:82,(anonymous_21)
FN:86,(anonymous_22)
FN:91,(anonymous_23)
FN:92,(anonymous_24)
FN:95,(anonymous_25)
FN:102,(anonymous_26)
FN:103,(anonymous_27)
FN:112,(anonymous_28)
FNF:28
FNH:25
FNDA:1,(anonymous_1)
FNDA:1,(anonymous_2)
FNDA:1,(anonymous_3)
FNDA:1,(anonymous_4)
FNDA:1,(anonymous_5)
FNDA:1,(anonymous_6)
FNDA:1,(anonymous_7)
FNDA:1,(anonymous_8)
FNDA:1,(anonymous_9)
FNDA:1,(anonymous_10)
FNDA:1,(anonymous_11)
FNDA:1,(anonymous_12)
FNDA:1,(anonymous_13)
FNDA:1,(anonymous_14)
FNDA:1,(anonymous_15)
FNDA:1,(anonymous_16)
FNDA:1,(anonymous_17)
FNDA:1,(anonymous_18)
FNDA:1,(anonymous_19)
FNDA:0,(anonymous_20)
FNDA:0,(anonymous_21)
FNDA:1,(anonymous_22)
FNDA:1,(anonymous_23)
FNDA:0,(anonymous_24)
FNDA:1,(anonymous_25)
FNDA:1,(anonymous_26)
FNDA:1,(anonymous_27)
FNDA:1,(anonymous_28)
DA:2,1
DA:4,1
DA:5,1
DA:6,1
DA:7,1
DA:8,1
DA:10,1
DA:11,1
DA:15,1
DA:16,1
DA:17,1
DA:19,1
DA:20,1
DA:24,1
DA:25,1
DA:26,1
DA:28,1
DA:29,1
DA:33,1
DA:34,1
DA:35,1
DA:37,1
DA:38,1
DA:42,1
DA:43,1
DA:44,1
DA:46,1
DA:47,1
DA:51,1
DA:52,1
DA:53,1
DA:55,1
DA:56,1
DA:61,1
DA:62,1
DA:63,1
DA:65,1
DA:66,1
DA:70,1
DA:71,1
DA:72,1
DA:74,1
DA:75,1
DA:80,1
DA:81,1
DA:82,1
DA:83,0
DA:86,1
DA:87,1
DA:91,1
DA:92,1
DA:93,1
DA:95,1
DA:96,1
DA:102,1
DA:103,1
DA:104,1
DA:105,1
DA:107,1
DA:108,1
DA:112,1
DA:113,1
DA:114,1
DA:116,1
DA:117,1
LF:65
LH:64
BRF:0
BRH:0
end_of_record
TN:
SF:D:\Node\param-signatures\spec\tryValidateSpec.js
FN:5,(anonymous_1)
FN:6,(anonymous_2)
FN:15,(anonymous_3)
FN:20,(anonymous_4)
FN:29,(anonymous_5)
FN:34,(anonymous_6)
FN:47,(anonymous_7)
FN:60,(anonymous_8)
FN:75,(anonymous_9)
FN:88,(anonymous_10)
FN:102,(anonymous_11)
FN:103,(anonymous_12)
FN:105,(anonymous_13)
FN:109,(anonymous_14)
FN:117,(anonymous_15)
FN:119,(anonymous_16)
FN:123,(anonymous_17)
FN:131,(anonymous_18)
FN:133,(anonymous_19)
FN:137,(anonymous_20)
FN:145,(anonymous_21)
FN:147,(anonymous_22)
FN:151,(anonymous_23)
FN:156,(anonymous_24)
FN:162,(anonymous_25)
FN:164,(anonymous_26)
FN:168,(anonymous_27)
FN:174,(anonymous_28)
FN:176,(anonymous_29)
FN:180,(anonymous_30)
FN:189,(anonymous_31)
FNF:31
FNH:19
FNDA:1,(anonymous_1)
FNDA:1,(anonymous_2)
FNDA:1,(anonymous_3)
FNDA:1,(anonymous_4)
FNDA:1,(anonymous_5)
FNDA:1,(anonymous_6)
FNDA:1,(anonymous_7)
FNDA:1,(anonymous_8)
FNDA:1,(anonymous_9)
FNDA:1,(anonymous_10)
FNDA:1,(anonymous_11)
FNDA:1,(anonymous_12)
FNDA:0,(anonymous_13)
FNDA:0,(anonymous_14)
FNDA:1,(anonymous_15)
FNDA:0,(anonymous_16)
FNDA:0,(anonymous_17)
FNDA:1,(anonymous_18)
FNDA:0,(anonymous_19)
FNDA:0,(anonymous_20)
FNDA:1,(anonymous_21)
FNDA:0,(anonymous_22)
FNDA:0,(anonymous_23)
FNDA:1,(anonymous_24)
FNDA:1,(anonymous_25)
FNDA:0,(anonymous_26)
FNDA:0,(anonymous_27)
FNDA:1,(anonymous_28)
FNDA:0,(anonymous_29)
FNDA:0,(anonymous_30)
FNDA:1,(anonymous_31)
DA:3,1
DA:5,1
DA:6,1
DA:7,1
DA:11,1
DA:15,1
DA:16,1
DA:20,1
DA:21,1
DA:25,1
DA:29,1
DA:30,1
DA:34,1
DA:35,1
DA:39,1
DA:43,1
DA:47,1
DA:48,1
DA:52,1
DA:56,1
DA:60,1
DA:63,1
DA:67,1
DA:71,1
DA:75,1
DA:76,1
DA:80,1
DA:84,1
DA:88,1
DA:89,1
DA:93,1
DA:97,1
DA:102,1
DA:103,1
DA:104,1
DA:108,1
DA:112,1
DA:117,1
DA:118,1
DA:122,1
DA:126,1
DA:131,1
DA:132,1
DA:136,1
DA:140,1
DA:145,1
DA:146,1
DA:150,1
DA:154,1
DA:156,1
DA:157,1
DA:162,1
DA:163,1
DA:167,1
DA:171,1
DA:174,1
DA:175,1
DA:179,1
DA:183,1
DA:189,1
DA:190,1
DA:200,1
DA:204,1
LF:63
LH:63
BRF:0
BRH:0
end_of_record
TN:
SF:D:\Node\param-signatures\spec\typeCodeSpec.js
FN:4,testOne
FN:8,(anonymous_2)
FN:10,(anonymous_3)
FN:11,(anonymous_4)
FN:16,(anonymous_5)
FN:22,(anonymous_6)
FN:30,(anonymous_7)
FN:38,(anonymous_8)
FN:46,(anonymous_9)
FN:54,(anonymous_10)
FN:59,(anonymous_11)
FN:63,(anonymous_12)
FN:68,(anonymous_13)
FN:69,(anonymous_14)
FN:74,(anonymous_15)
FN:80,(anonymous_16)
FN:86,(anonymous_17)
FN:92,(anonymous_18)
FN:98,(anonymous_19)
FN:105,(anonymous_20)
FN:106,(anonymous_21)
FN:111,(anonymous_22)
FN:117,(anonymous_23)
FNF:23
FNH:20
FNDA:0,testOne
FNDA:1,(anonymous_2)
FNDA:1,(anonymous_3)
FNDA:1,(anonymous_4)
FNDA:1,(anonymous_5)
FNDA:1,(anonymous_6)
FNDA:1,(anonymous_7)
FNDA:1,(anonymous_8)
FNDA:1,(anonymous_9)
FNDA:1,(anonymous_10)
FNDA:1,(anonymous_11)
FNDA:0,(anonymous_12)
FNDA:1,(anonymous_13)
FNDA:1,(anonymous_14)
FNDA:1,(anonymous_15)
FNDA:1,(anonymous_16)
FNDA:1,(anonymous_17)
FNDA:1,(anonymous_18)
FNDA:1,(anonymous_19)
FNDA:1,(anonymous_20)
FNDA:0,(anonymous_21)
FNDA:1,(anonymous_22)
FNDA:1,(anonymous_23)
DA:2,1
DA:4,1
DA:8,1
DA:10,1
DA:11,1
DA:12,1
DA:13,1
DA:16,1
DA:17,1
DA:18,1
DA:19,1
DA:22,1
DA:23,1
DA:24,1
DA:26,1
DA:27,1
DA:30,1
DA:31,1
DA:32,1
DA:34,1
DA:35,1
DA:38,1
DA:39,1
DA:40,1
DA:42,1
DA:43,1
DA:46,1
DA:47,1
DA:48,1
DA:50,1
DA:51,1
DA:54,1
DA:55,1
DA:56,1
DA:59,1
DA:60,1
DA:61,1
DA:63,1
DA:64,1
DA:68,1
DA:69,1
DA:70,1
DA:71,1
DA:74,1
DA:75,1
DA:76,1
DA:77,1
DA:80,1
DA:81,1
DA:82,1
DA:83,1
DA:86,1
DA:87,1
DA:88,1
DA:89,1
DA:92,1
DA:93,1
DA:94,1
DA:95,1
DA:98,1
DA:99,1
DA:100,1
DA:101,1
DA:105,1
DA:106,1
DA:107,1
DA:108,1
DA:111,1
DA:112,1
DA:113,1
DA:114,1
DA:117,1
DA:118,1
DA:119,1
DA:120,1
LF:75
LH:75
BRF:0
BRH:0
end_of_record
TN:
SF:D:\Node\param-signatures\spec\typesSpec.js
FN:4,(anonymous_1)
FN:5,(anonymous_2)
FN:14,(anonymous_3)
FN:19,(anonymous_4)
FN:28,(anonymous_5)
FN:33,(anonymous_6)
FN:43,(anonymous_7)
FN:48,(anonymous_8)
FN:58,(anonymous_9)
FN:63,(anonymous_10)
FN:75,(anonymous_11)
FN:80,(anonymous_12)
FN:90,(anonymous_13)
FN:95,(anonymous_14)
FN:104,(anonymous_15)
FN:110,(anonymous_16)
FN:111,(anonymous_17)
FN:113,(anonymous_18)
FN:117,(anonymous_19)
FN:120,(anonymous_20)
FN:126,(anonymous_21)
FN:128,(anonymous_22)
FN:132,(anonymous_23)
FN:135,(anonymous_24)
FN:141,(anonymous_25)
FN:143,(anonymous_26)
FN:147,(anonymous_27)
FN:150,(anonymous_28)
FN:156,(anonymous_29)
FN:158,(anonymous_30)
FN:162,(anonymous_31)
FN:165,(anonymous_32)
FN:171,(anonymous_33)
FN:173,(anonymous_34)
FN:177,(anonymous_35)
FN:180,(anonymous_36)
FN:186,(anonymous_37)
FN:188,(anonymous_38)
FN:192,(anonymous_39)
FN:195,(anonymous_40)
FN:204,(anonymous_41)
FN:219,(anonymous_42)
FNF:42
FNH:30
FNDA:1,(anonymous_1)
FNDA:1,(anonymous_2)
FNDA:1,(anonymous_3)
FNDA:1,(anonymous_4)
FNDA:1,(anonymous_5)
FNDA:1,(anonymous_6)
FNDA:1,(anonymous_7)
FNDA:1,(anonymous_8)
FNDA:1,(anonymous_9)
FNDA:1,(anonymous_10)
FNDA:1,(anonymous_11)
FNDA:1,(anonymous_12)
FNDA:1,(anonymous_13)
FNDA:1,(anonymous_14)
FNDA:1,(anonymous_15)
FNDA:1,(anonymous_16)
FNDA:1,(anonymous_17)
FNDA:0,(anonymous_18)
FNDA:0,(anonymous_19)
FNDA:1,(anonymous_20)
FNDA:1,(anonymous_21)
FNDA:0,(anonymous_22)
FNDA:0,(anonymous_23)
FNDA:1,(anonymous_24)
FNDA:1,(anonymous_25)
FNDA:0,(anonymous_26)
FNDA:0,(anonymous_27)
FNDA:1,(anonymous_28)
FNDA:1,(anonymous_29)
FNDA:0,(anonymous_30)
FNDA:0,(anonymous_31)
FNDA:1,(anonymous_32)
FNDA:1,(anonymous_33)
FNDA:0,(anonymous_34)
FNDA:0,(anonymous_35)
FNDA:1,(anonymous_36)
FNDA:1,(anonymous_37)
FNDA:0,(anonymous_38)
FNDA:0,(anonymous_39)
FNDA:1,(anonymous_40)
FNDA:1,(anonymous_41)
FNDA:1,(anonymous_42)
DA:2,1
DA:4,1
DA:5,1
DA:6,1
DA:10,1
DA:14,1
DA:15,1
DA:19,1
DA:20,1
DA:24,1
DA:28,1
DA:29,1
DA:33,1
DA:34,1
DA:38,1
DA:43,1
DA:44,1
DA:48,1
DA:49,1
DA:53,1
DA:58,1
DA:59,1
DA:63,1
DA:66,1
DA:70,1
DA:75,1
DA:76,1
DA:80,1
DA:81,1
DA:85,1
DA:90,1
DA:91,1
DA:95,1
DA:96,1
DA:100,1
DA:104,1
DA:105,1
DA:110,1
DA:111,1
DA:112,1
DA:116,1
DA:120,1
DA:121,1
DA:126,1
DA:127,1
DA:131,1
DA:135,1
DA:136,1
DA:141,1
DA:142,1
DA:146,1
DA:150,1
DA:151,1
DA:156,1
DA:157,1
DA:161,1
DA:165,1
DA:166,1
DA:171,1
DA:172,1
DA:176,1
DA:180,1
DA:181,1
DA:186,1
DA:187,1
DA:191,1
DA:195,1
DA:196,1
DA:204,1
DA:205,1
DA:215,1
DA:219,1
DA:220,1
LF:73
LH:73
BRF:0
BRH:0
end_of_record
TN:
SF:D:\Node\param-signatures\matchers\undefined.js
FN:4,(anonymous_1)
FN:8,(anonymous_2)
FNF:2
FNH:2
FNDA:7,(anonymous_1)
FNDA:624,(anonymous_2)
DA:1,1
DA:3,1
DA:5,7
DA:9,624
DA:10,7
DA:13,617
LF:6
LH:6
BRDA:9,1,0,7
BRDA:9,1,1,617
BRF:2
BRH:2
end_of_record
TN:
SF:D:\Node\param-signatures\matchers\null.js
FN:4,(anonymous_1)
FN:8,(anonymous_2)
FNF:2
FNH:2
FNDA:6,(anonymous_1)
FNDA:630,(anonymous_2)
DA:1,1
DA:3,1
DA:5,6
DA:9,630
DA:10,6
DA:13,624
LF:6
LH:6
BRDA:9,1,0,6
BRDA:9,1,1,624
BRF:2
BRH:2
end_of_record
TN:
SF:D:\Node\param-signatures\matchers\object.js
FN:5,(anonymous_1)
FN:9,(anonymous_2)
FNF:2
FNH:2
FNDA:284,(anonymous_1)
FNDA:284,(anonymous_2)
DA:2,1
DA:4,1
DA:6,284
DA:12,284
DA:13,284
DA:16,0
LF:6
LH:5
BRDA:12,1,0,284
BRDA:12,1,1,0
BRDA:12,2,0,284
BRDA:12,2,1,284
BRDA:12,2,2,284
BRF:5
BRH:4
end_of_record
TN:
SF:D:\Node\param-signatures\matchers\boolean.js
FN:4,(anonymous_1)
FN:8,(anonymous_2)
FNF:2
FNH:2
FNDA:115,(anonymous_1)
FNDA:617,(anonymous_2)
DA:1,1
DA:3,1
DA:5,115
DA:10,617
DA:12,617
DA:14,115
DA:18,502
LF:7
LH:7
BRDA:10,1,0,617
BRDA:10,1,1,0
BRDA:10,2,0,617
BRDA:10,2,1,617
BRDA:12,3,0,115
BRDA:12,3,1,502
BRDA:12,4,0,617
BRDA:12,4,1,597
BRF:8
BRH:7
end_of_record
TN:
SF:D:\Node\param-signatures\matchers\function.js
FN:4,(anonymous_1)
FN:8,(anonymous_2)
FNF:2
FNH:2
FNDA:113,(anonymous_1)
FNDA:502,(anonymous_2)
DA:1,1
DA:3,1
DA:5,113
DA:11,502
DA:12,113
DA:15,389
LF:6
LH:6
BRDA:11,1,0,113
BRDA:11,1,1,389
BRDA:11,2,0,502
BRDA:11,2,1,113
BRDA:11,2,2,113
BRF:5
BRH:5
end_of_record
TN:
SF:D:\Node\param-signatures\matchers\string.js
FN:4,(anonymous_1)
FN:8,(anonymous_2)
FNF:2
FNH:2
FNDA:12,(anonymous_1)
FNDA:317,(anonymous_2)
DA:1,1
DA:3,1
DA:5,12
DA:10,317
DA:11,12
DA:14,305
LF:6
LH:6
BRDA:10,1,0,12
BRDA:10,1,1,305
BRDA:10,2,0,317
BRDA:10,2,1,12
BRDA:10,2,2,12
BRDA:10,2,3,12
BRF:6
BRH:6
end_of_record
TN:
SF:D:\Node\param-signatures\matchers\number.js
FN:4,(anonymous_1)
FN:8,(anonymous_2)
FNF:2
FNH:2
FNDA:63,(anonymous_1)
FNDA:380,(anonymous_2)
DA:1,1
DA:3,1
DA:5,63
DA:10,380
DA:11,63
DA:14,317
LF:6
LH:6
BRDA:10,1,0,63
BRDA:10,1,1,317
BRDA:10,2,0,380
BRDA:10,2,1,380
BRDA:10,2,2,380
BRF:5
BRH:5
end_of_record
TN:
SF:D:\Node\param-signatures\matchers\date.js
FN:4,(anonymous_1)
FN:8,(anonymous_2)
FNF:2
FNH:2
FNDA:9,(anonymous_1)
FNDA:389,(anonymous_2)
DA:1,1
DA:3,1
DA:5,9
DA:11,389
DA:12,9
DA:15,380
LF:6
LH:6
BRDA:11,1,0,9
BRDA:11,1,1,380
BRDA:11,2,0,389
BRDA:11,2,1,9
BRDA:11,2,2,9
BRDA:11,2,3,9
BRDA:11,2,4,9
BRDA:11,2,5,9
BRF:8
BRH:8
end_of_record
TN:
SF:D:\Node\param-signatures\matchers\array.js
FN:4,(anonymous_1)
FN:8,(anonymous_2)
FNF:2
FNH:2
FNDA:21,(anonymous_1)
FNDA:305,(anonymous_2)
DA:1,1
DA:3,1
DA:5,21
DA:10,305
DA:11,21
DA:14,284
LF:6
LH:6
BRDA:10,1,0,21
BRDA:10,1,1,284
BRDA:10,2,0,305
BRDA:10,2,1,21
BRDA:10,2,2,21
BRDA:10,2,3,21
BRF:6
BRH:6
end_of_record
TN:
SF:D:\Node\param-signatures\dist\param-signatures-min-gcc.js
FNF:0
FNH:0
LF:0
LH:0
BRF:0
BRH:0
end_of_record
TN:
SF:D:\Node\param-signatures\karma.conf.js
FN:4,(anonymous_1)
FNF:1
FNH:0
FNDA:0,(anonymous_1)
DA:4,0
DA:5,0
LF:2
LH:0
BRF:0
BRH:0
end_of_record
TN:
SF:D:\Node\param-signatures\minify.js
FN:9,(anonymous_1)
FNF:1
FNH:0
FNDA:0,(anonymous_1)
DA:2,0
DA:5,0
DA:10,0
LF:3
LH:0
BRF:0
BRH:0
end_of_record
TN:
SF:D:\Node\param-signatures\test-main.js
FN:5,(anonymous_1)
FNF:1
FNH:0
FNDA:0,(anonymous_1)
DA:1,0
DA:2,0
DA:5,0
DA:6,0
DA:10,0
DA:11,0
DA:15,0
LF:7
LH:0
BRDA:6,1,0,0
BRDA:6,1,1,0
BRF:2
BRH:0
end_of_record
TN:
SF:D:\Node\param-signatures\test.js
FN:4,trapAndLog
FN:25,(anonymous_2)
FN:26,(anonymous_3)
FN:27,(anonymous_4)
FN:28,(anonymous_5)
FN:37,(anonymous_6)
FN:50,(anonymous_7)
FN:63,(anonymous_8)
FN:64,(anonymous_9)
FN:65,(anonymous_10)
FN:68,(anonymous_11)
FN:81,(anonymous_12)
FN:82,(anonymous_13)
FN:83,(anonymous_14)
FN:84,(anonymous_15)
FN:87,(anonymous_16)
FNF:16
FNH:0
FNDA:0,trapAndLog
FNDA:0,(anonymous_2)
FNDA:0,(anonymous_3)
FNDA:0,(anonymous_4)
FNDA:0,(anonymous_5)
FNDA:0,(anonymous_6)
FNDA:0,(anonymous_7)
FNDA:0,(anonymous_8)
FNDA:0,(anonymous_9)
FNDA:0,(anonymous_10)
FNDA:0,(anonymous_11)
FNDA:0,(anonymous_12)
FNDA:0,(anonymous_13)
FNDA:0,(anonymous_14)
FNDA:0,(anonymous_15)
FNDA:0,(anonymous_16)
DA:2,0
DA:4,0
DA:5,0
DA:6,0
DA:9,0
DA:10,0
DA:11,0
DA:12,0
DA:16,0
DA:17,0
DA:18,0
DA:19,0
DA:21,0
DA:31,0
DA:37,0
DA:38,0
DA:39,0
DA:40,0
DA:41,0
DA:45,0
DA:50,0
DA:51,0
DA:52,0
DA:53,0
DA:54,0
DA:59,0
DA:68,0
DA:69,0
DA:70,0
DA:71,0
DA:72,0
DA:77,0
DA:87,0
DA:88,0
DA:89,0
DA:90,0
DA:91,0
LF:37
LH:0
BRF:0
BRH:0
end_of_record
